[2026-02-03T14:08:44.855Z] [INFO]: SERVER RUNNING ON PORT 3001 | CODE: 468519
[2026-02-03T14:08:46.064Z] [INFO]: User Connected: F08-4lJWdwZcUmCPAAAF
[2026-02-03T14:08:46.071Z] [INFO]: User Connected: H9s2gZtNSud5tXAXAAAO
[2026-02-03T14:08:46.071Z] [INFO]: User Connected: 2DWGwzobiEgJIM87AAAP
[2026-02-03T14:08:46.072Z] [INFO]: User Connected: v8b16uwqkwdF3cxHAAAQ
[2026-02-03T14:08:46.074Z] [INFO]: User Connected: 1Ldy51qja93-dAEeAAAR
[2026-02-03T14:08:46.075Z] [INFO]: User Connected: L2gvt5ta1xX_MH6oAAAS
[2026-02-03T14:08:46.076Z] [INFO]: User Connected: rMIUGgJU1wrgYXQpAAAT
[2026-02-03T14:08:46.078Z] [INFO]: User Connected: IYltsqLYKW7ZK8TAAAAU
[2026-02-03T14:08:46.079Z] [INFO]: User Connected: f8Rot4Aqt589eK6lAAAV
[2026-02-03T14:08:46.080Z] [INFO]: User Connected: rMp4eaImSpCdEschAAAW
[2026-02-03T14:08:46.081Z] [INFO]: User Connected: Arj4RGXBzzIGuXTyAAAX
[2026-02-03T14:08:46.083Z] [INFO]: User Connected: hF13bK9-3WxADdzoAAAY
[2026-02-03T14:08:46.084Z] [INFO]: User Connected: vsGNXdJRUvp_mk21AAAZ
[2026-02-03T14:10:19.348Z] [WARN]: User Disconnected: H9s2gZtNSud5tXAXAAAO
[2026-02-03T14:10:19.349Z] [INFO]: All players disconnected. Resetting game state.
[2026-02-03T14:10:19.397Z] [INFO]: User Connected: wgzqScDFMrFdoDP-AAAb
[2026-02-03T14:11:03.989Z] [INFO]: User Connected: wTqxNLveqcWQLngJAAAd
[2026-02-03T14:11:08.352Z] [WARN]: User Disconnected: wTqxNLveqcWQLngJAAAd
[2026-02-03T14:11:10.490Z] [INFO]: User Connected: Mbw0mjATKPZULFmkAAAf
[2026-02-03T14:11:14.064Z] [INFO]: User Connected: GsWLruBSGJttEwkbAAAh
[2026-02-03T14:11:40.769Z] [WARN]: User Disconnected: GsWLruBSGJttEwkbAAAh
[2026-02-03T14:11:40.770Z] [WARN]: User Disconnected: Mbw0mjATKPZULFmkAAAf
[2026-02-03T14:16:23.879Z] [INFO]: SERVER RUNNING ON PORT 3001 | CODE: undefined
[2026-02-03T14:16:25.057Z] [INFO]: User Connected: 053CkW9GAHJJpeyDAAAM
[2026-02-03T14:16:25.062Z] [INFO]: User Connected: D8kTfvuzYpanOAmRAAAN
[2026-02-03T14:16:25.062Z] [INFO]: User Connected: h2JoCRT30DJlu5UdAAAO
[2026-02-03T14:16:25.063Z] [INFO]: User Connected: aBcud5noqN5Fn9qpAAAP
[2026-02-03T14:16:25.065Z] [INFO]: User Connected: S0ZJL-Bvpg4PEQpuAAAQ
[2026-02-03T14:16:25.067Z] [INFO]: User Connected: A86deWVK9SGew39wAAAR
[2026-02-03T14:16:25.068Z] [INFO]: User Connected: 06zqXKnbU4RKTjAdAAAS
[2026-02-03T14:16:25.070Z] [INFO]: User Connected: etlV4oR0s_FKtxWSAAAT
[2026-02-03T14:16:25.071Z] [INFO]: User Connected: fGywuIPrmwd9khh3AAAU
[2026-02-03T14:16:25.072Z] [INFO]: User Connected: 2tNOto6hYgt1_nYXAAAV
[2026-02-03T14:16:25.074Z] [INFO]: User Connected: nDMAynYuQFWUaTgxAAAW
[2026-02-03T14:16:25.076Z] [INFO]: User Connected: q9FzwjFNqhsQ67gXAAAX
[2026-02-03T14:16:26.067Z] [INFO]: User Connected: hyNwrajhnqtj5M7qAAAZ
[2026-02-03T14:16:42.544Z] [INFO]: SERVER RUNNING ON PORT 3001
[2026-02-03T14:16:43.067Z] [INFO]: User Connected: bI2U6nzTqIVJtlraAAAE
[2026-02-03T14:16:43.070Z] [INFO]: User Connected: 0lKMYFJguD95NmRiAAAF
[2026-02-03T14:16:43.071Z] [INFO]: User Connected: B65Nr8gdOJDi01KTAAAG
[2026-02-03T14:16:43.072Z] [INFO]: User Connected: a2QxJJHHdNg_iS4uAAAH
[2026-02-03T14:16:44.061Z] [INFO]: User Connected: m1u58xpJKQ1L9l_ZAAAR
[2026-02-03T14:16:44.063Z] [INFO]: User Connected: b23NIJva-hGDNAwuAAAS
[2026-02-03T14:16:44.063Z] [INFO]: User Connected: 7wqjdV8ylwlCoE7hAAAT
[2026-02-03T14:16:44.064Z] [INFO]: User Connected: -u6-fIrFukmewEAUAAAU
[2026-02-03T14:16:44.065Z] [INFO]: User Connected: ysnO9UK7ijJYb347AAAV
[2026-02-03T14:16:44.066Z] [INFO]: User Connected: SdBN1JlSu95-YCGvAAAW
[2026-02-03T14:16:44.068Z] [INFO]: User Connected: VexQTbxU1RIeQkvxAAAX
[2026-02-03T14:16:44.070Z] [INFO]: User Connected: flbzQfVksEvwxNR-AAAY
[2026-02-03T14:16:44.072Z] [INFO]: User Connected: ZZgO52YwfOViMS2JAAAZ
[2026-02-03T14:17:06.003Z] [INFO]: User Connected: z9Q-i25ujV-_JFfbAAAb
[2026-02-03T14:17:08.544Z] [INFO]: User Connected: ThOuewdIzNlucmcSAAAd
[2026-02-03T14:17:11.466Z] [INFO]: User Connected: -ycbMABIsRPq_l7tAAAf
[2026-02-03T14:17:17.424Z] [INFO]: User Connected: 6VLbWWVFBLuKHIczAAAh
[2026-02-03T14:17:26.605Z] [INFO]: Room Created: 898927 by ت
[2026-02-03T14:17:30.185Z] [INFO]: Room Created: 512212 by ب
[2026-02-03T14:17:36.130Z] [WARN]: User Disconnected: -ycbMABIsRPq_l7tAAAf from room 512212
[2026-02-03T14:17:36.131Z] [INFO]: Room 512212 is empty. Deleting game.
[2026-02-03T14:17:36.163Z] [INFO]: User Connected: mkfzYdl1x7jK2YlmAAAj
[2026-02-03T14:17:57.098Z] [ERROR]: Error: الكود غير صحيح أو الغرفة غير موجودة
[2026-02-03T14:18:15.881Z] [INFO]: User عمار joined room 898927
[2026-02-03T14:18:29.246Z] [ERROR]: Error: Cannot read properties of undefined (reading 'resetGame')
[2026-02-03T14:18:31.061Z] [ERROR]: Error: Cannot read properties of undefined (reading 'resetGame')
[2026-02-03T14:18:32.722Z] [ERROR]: Error: Cannot read properties of undefined (reading 'resetGame')
[2026-02-03T14:18:35.851Z] [ERROR]: Error: Cannot read properties of undefined (reading 'resetGame')
[2026-02-03T14:18:36.139Z] [ERROR]: Error: Cannot read properties of undefined (reading 'resetGame')
[2026-02-03T14:18:36.441Z] [ERROR]: Error: Cannot read properties of undefined (reading 'resetGame')
[2026-02-03T14:18:42.066Z] [ERROR]: Error: Cannot read properties of undefined (reading 'resetGame')
[2026-02-03T14:18:42.965Z] [ERROR]: Error: Cannot read properties of undefined (reading 'resetGame')
[2026-02-03T14:18:48.235Z] [WARN]: User Disconnected: mkfzYdl1x7jK2YlmAAAj from room 898927
[2026-02-03T14:18:48.839Z] [INFO]: User Connected: oWFdv9HOxonDwj5tAAAl
[2026-02-03T14:18:53.936Z] [ERROR]: Error: Cannot read properties of undefined (reading 'resetGame')
[2026-02-03T14:18:58.594Z] [WARN]: User Disconnected: 6VLbWWVFBLuKHIczAAAh from room 898927
[2026-02-03T14:18:58.594Z] [INFO]: Room 898927 is empty. Deleting game.
[2026-02-03T14:20:05.523Z] [INFO]: User Connected: 5a7PpT10Sm-_o4aHAAAn
[2026-02-03T15:09:51.461Z] [INFO]: Room Created: 952735 by vg
[2026-02-03T15:09:54.115Z] [ERROR]: Error: Cannot read properties of undefined (reading 'resetGame')
[2026-02-03T15:11:42.648Z] [INFO]: SERVER RUNNING ON PORT 3001
[2026-02-03T15:11:43.056Z] [INFO]: User Connected: Y3mS6_fFpts-iK2yAAAB
[2026-02-03T15:11:43.063Z] [INFO]: User Connected: fnEFGEFAizDoBnKhAAAD
[2026-02-03T15:11:43.632Z] [INFO]: User Connected: iPOx4gXp9BuHzT8uAAAF
[2026-02-03T15:11:44.053Z] [INFO]: User Connected: LWYjHkvXdySd9LPUAAAQ
[2026-02-03T15:11:44.054Z] [INFO]: User Connected: tp2AyxulIvi0187tAAAR
[2026-02-03T15:11:44.056Z] [INFO]: User Connected: 3OQ6rakuHpaM4HipAAAS
[2026-02-03T15:11:44.057Z] [INFO]: User Connected: _NhtF6L_NKH1ci3QAAAT
[2026-02-03T15:11:44.058Z] [INFO]: User Connected: 1lG7AhfceyE3HyVgAAAU
[2026-02-03T15:11:44.060Z] [INFO]: User Connected: t07BfvFiNGI2N5sWAAAV
[2026-02-03T15:11:44.062Z] [INFO]: User Connected: LhbT8FcBPrmfx7DVAAAW
[2026-02-03T15:11:44.063Z] [INFO]: User Connected: tvRSGjXDW0j_vnMyAAAX
[2026-02-03T15:11:44.063Z] [INFO]: User Connected: Nq-6y5EERDI9332FAAAY
[2026-02-03T15:11:44.065Z] [INFO]: User Connected: Mo6mvK05z_B25JlPAAAZ
[2026-02-03T15:11:48.416Z] [INFO]: User Connected: 5v8-ilmYjRvU6rHGAAAb
[2026-02-03T15:11:50.611Z] [INFO]: Room Created: 846466 by s
[2026-02-03T15:11:57.621Z] [WARN]: User Disconnected: 5v8-ilmYjRvU6rHGAAAb from room 846466
[2026-02-03T15:11:57.622Z] [INFO]: Room 846466 is empty. Deleting game.
[2026-02-03T15:11:58.101Z] [INFO]: User Connected: djMcn3PdaqBr8xfrAAAd
[2026-02-03T15:12:02.818Z] [INFO]: Room Created: 281120 by s
[2026-02-03T15:15:49.060Z] [INFO]: User Connected: OtbbmjkDmorXY1y2AAAf
[2026-02-03T15:15:54.740Z] [INFO]: Room Created: 942587 by G
[2026-02-03T15:16:03.153Z] [WARN]: User Disconnected: OtbbmjkDmorXY1y2AAAf from room 942587
[2026-02-03T15:16:03.154Z] [INFO]: Room 942587 is empty. Deleting game.
[2026-02-03T15:16:03.227Z] [INFO]: User Connected: q9K-ShECZ85IvpBFAAAh
[2026-02-03T15:16:05.055Z] [INFO]: User Connected: 5A0W-UHzVAR79QYcAAAj
[2026-02-03T15:16:08.359Z] [INFO]: Room Created: 926668 by H
[2026-02-03T15:16:12.816Z] [WARN]: User Disconnected: 5A0W-UHzVAR79QYcAAAj from room 926668
[2026-02-03T15:16:12.816Z] [INFO]: Room 926668 is empty. Deleting game.
[2026-02-03T15:16:12.867Z] [INFO]: User Connected: PFwisrx2gf38L_puAAAl
[2026-02-03T15:16:16.403Z] [INFO]: Room Created: 446635 by Hdd
[2026-02-03T15:16:40.177Z] [WARN]: User Disconnected: PFwisrx2gf38L_puAAAl from room 446635
[2026-02-03T15:16:40.177Z] [INFO]: Room 446635 is empty. Deleting game.
[2026-02-03T15:20:16.775Z] [INFO]: SERVER RUNNING ON PORT 3001
[2026-02-03T15:20:17.864Z] [INFO]: User Connected: UpVinxsl3KqNDyvkAAAB
[2026-02-03T15:20:18.048Z] [INFO]: User Connected: pKdPZeFA3x1HkrZ-AAAN
[2026-02-03T15:20:18.050Z] [INFO]: User Connected: ABHDhilBNxZPR6hjAAAO
[2026-02-03T15:20:18.052Z] [INFO]: User Connected: pIpoE6G0HAbsUxWwAAAP
[2026-02-03T15:20:18.053Z] [INFO]: User Connected: pm9Jk8iqs1I3AvJPAAAQ
[2026-02-03T15:20:18.055Z] [INFO]: User Connected: 3de4G-JS3DhEDa25AAAS
[2026-02-03T15:20:18.056Z] [INFO]: User Connected: s5QlePmq5SHQmkwdAAAT
[2026-02-03T15:20:18.058Z] [INFO]: User Connected: bizaBI-gRvSqbbBoAAAU
[2026-02-03T15:20:18.059Z] [INFO]: User Connected: 30XHtVNy8Ur6hO5_AAAV
[2026-02-03T15:20:18.060Z] [INFO]: User Connected: ClDPDxt_CoeIXqfaAAAW
[2026-02-03T15:20:18.061Z] [INFO]: User Connected: G_7UCvC6OSfStWqmAAAX
[2026-02-03T15:20:18.062Z] [INFO]: User Connected: t4fJWhj6_QTKLt28AAAY
[2026-02-03T15:20:18.100Z] [INFO]: User Connected: GFjQfEGFSjka4zALAAAZ
[2026-02-03T15:20:19.820Z] [INFO]: User Connected: k34b6PdBMCfJtjm6AAAb
[2026-02-03T15:20:20.026Z] [INFO]: User Connected: 8EnKL5-3tadaGrpQAAAd
[2026-02-03T15:20:20.207Z] [INFO]: User Connected: ARJGBX2tdshdJSsTAAAf
[2026-02-03T15:20:20.391Z] [INFO]: User Connected: rP0ZUxHhme1P46E6AAAh
[2026-02-03T15:20:20.563Z] [INFO]: User Connected: stTCjWwoJ5BSsLW3AAAj
[2026-02-03T15:20:21.258Z] [INFO]: User Connected: dLJmb5MMfS3GWcmCAAAl
[2026-02-03T15:20:23.699Z] [INFO]: Room Created: 852031 by س
[2026-02-03T15:21:12.091Z] [WARN]: User Disconnected: dLJmb5MMfS3GWcmCAAAl from room 852031
[2026-02-03T15:21:12.091Z] [INFO]: Room 852031 is empty. Deleting game.
[2026-02-03T15:21:12.138Z] [INFO]: User Connected: iSGOsMMtPFbJ5dZpAAAn
[2026-02-03T15:21:18.163Z] [INFO]: Room Created: 474283 by سؤؤ
[2026-02-03T15:23:29.512Z] [WARN]: User Disconnected: iSGOsMMtPFbJ5dZpAAAn from room 474283
[2026-02-03T15:23:29.512Z] [INFO]: Room 474283 is empty. Deleting game.
[2026-02-03T15:23:29.562Z] [INFO]: User Connected: tZ48JDjmpgueXHErAAAp
[2026-02-03T15:23:35.876Z] [INFO]: Room Created: 839829 by سبؤس
[2026-02-03T15:23:43.612Z] [INFO]: User Connected: _lZQvqYJvpG14hSKAAAr
[2026-02-03T15:23:43.983Z] [INFO]: User Connected: 5mccBMoNKKH8Xl-qAAAt
[2026-02-03T15:23:53.916Z] [INFO]: User Connected: v5qwzAP1H6Cp1NXPAAAv
[2026-02-03T15:24:49.867Z] [INFO]: User Connected: VROnJojWBnOyDn1JAAAx
[2026-02-03T15:25:08.937Z] [INFO]: User عمار أحمد علي joined room 839829
[2026-02-03T15:25:27.057Z] [WARN]: User Disconnected: VROnJojWBnOyDn1JAAAx from room 839829
[2026-02-03T15:25:44.104Z] [WARN]: User Disconnected: tZ48JDjmpgueXHErAAAp from room 839829
[2026-02-03T15:25:44.104Z] [INFO]: Room 839829 is empty. Deleting game.
[2026-02-03T15:25:44.150Z] [INFO]: User Connected: ObVrCHZLD1NlMkZxAAAz
[2026-02-03T15:28:02.249Z] [INFO]: User Connected: KuZgQOuiprE1d5zlAAA1
[2026-02-03T17:04:57.946Z] [INFO]: Room Created: 959504 by سي
[2026-02-03T17:08:36.853Z] [WARN]: User Disconnected: KuZgQOuiprE1d5zlAAA1 from room 959504
[2026-02-03T17:08:36.853Z] [INFO]: Room 959504 is empty. Deleting game.
[2026-02-03T17:08:36.898Z] [INFO]: User Connected: pHHVOfauQPq_qhkpAAA3
[2026-02-03T17:08:39.785Z] [INFO]: Room Created: 441343 by شس
[2026-02-03T17:11:24.008Z] [INFO]: SERVER RUNNING ON PORT 3001
[2026-02-03T17:11:25.062Z] [INFO]: User Connected: SMENPbuWO_i01K5jAAAL
[2026-02-03T17:11:25.063Z] [INFO]: User Connected: Hkp4p3989jaZUTN3AAAM
[2026-02-03T17:11:25.063Z] [INFO]: User Connected: u8ph81vE4DxWFNgLAAAN
[2026-02-03T17:11:25.066Z] [INFO]: User Connected: 3wmb37fe1e1S8_RNAAAO
[2026-02-03T17:11:25.067Z] [INFO]: User Connected: L0PyKdZnexh34I9BAAAP
[2026-02-03T17:11:25.069Z] [INFO]: User Connected: tRxzgmJsymRb-OCcAAAQ
[2026-02-03T17:11:25.070Z] [INFO]: User Connected: B4IA8cMlXHOpuQoZAAAR
[2026-02-03T17:11:25.073Z] [INFO]: User Connected: hLcgo99rGKkWonbnAAAS
[2026-02-03T17:11:25.074Z] [INFO]: User Connected: RYXtBBevp0jHuRvlAAAT
[2026-02-03T17:11:25.076Z] [INFO]: User Connected: sCUQ-IfFH-AHnmhBAAAU
[2026-02-03T17:11:25.076Z] [INFO]: User Connected: jPxeqDdwsIHHXBhcAAAV
[2026-02-03T17:11:26.046Z] [INFO]: User Connected: eK1eURipIX7EurG4AAAY
[2026-02-03T17:11:26.047Z] [INFO]: User Connected: cwogXCsxTxMyvexGAAAZ
[2026-02-03T17:13:49.161Z] [INFO]: User Connected: kl8VqupUbx3AhTOAAAAb
[2026-02-03T17:13:51.421Z] [INFO]: Room Created: 899039 by صث
[2026-02-03T17:19:04.327Z] [INFO]: SERVER RUNNING ON PORT 3001
[2026-02-03T17:19:05.054Z] [INFO]: User Connected: D0n9rpmGhP-I_pHGAAAF
[2026-02-03T17:19:05.057Z] [INFO]: User Connected: McHN3NppY8KMx76DAAAG
[2026-02-03T17:19:05.058Z] [INFO]: User Connected: uCn5w8fpw-QS1AulAAAH
[2026-02-03T17:19:05.059Z] [INFO]: User Connected: H05ZRZWuZ4NP-CGdAAAI
[2026-02-03T17:19:05.062Z] [INFO]: User Connected: NPQqvappi61riSWMAAAJ
[2026-02-03T17:19:05.510Z] [INFO]: User Connected: 00aFMf8ciOBTjsSMAAAL
[2026-02-03T17:19:06.053Z] [INFO]: User Connected: eTg3cJKmXp3drnNzAAAT
[2026-02-03T17:19:06.056Z] [INFO]: User Connected: 6j1BQbwznbgentKNAAAU
[2026-02-03T17:19:06.056Z] [INFO]: User Connected: 002sOz1ZZlCYyT85AAAV
[2026-02-03T17:19:06.057Z] [INFO]: User Connected: 2AL5d4w7ca85qdlaAAAW
[2026-02-03T17:19:06.059Z] [INFO]: User Connected: zzR7kVzR_tD4za4YAAAX
[2026-02-03T17:19:06.063Z] [INFO]: User Connected: YDH-BY92SUN8VSGEAAAY
[2026-02-03T17:19:06.066Z] [INFO]: User Connected: 9sJZbCAWIAeJVtlNAAAZ
[2026-02-03T17:19:10.779Z] [INFO]: User Connected: yIvto3H-unbCIkpzAAAb
[2026-02-03T17:19:12.814Z] [INFO]: Room Created: 454394 by ص
[2026-02-03T17:22:21.242Z] [WARN]: User Disconnected: yIvto3H-unbCIkpzAAAb from room 454394
[2026-02-03T17:22:21.886Z] [INFO]: User Connected: U9tJ-VbPe9Sga8BeAAAd
[2026-02-03T17:22:24.312Z] [INFO]: Room Created: 724556 by ال
[2026-02-03T17:24:58.316Z] [WARN]: User Disconnected: U9tJ-VbPe9Sga8BeAAAd from room 724556
[2026-02-03T17:24:58.362Z] [INFO]: User Connected: bvI6mkzk534LYcYhAAAf
[2026-02-03T17:26:03.201Z] [INFO]: Room Created: 700331 by ي
[2026-02-03T17:26:21.828Z] [WARN]: User Disconnected: bvI6mkzk534LYcYhAAAf from room 700331
[2026-02-03T17:26:22.300Z] [INFO]: User Connected: si-qkxTfFsld-pvNAAAh
[2026-02-03T17:26:31.946Z] [INFO]: Room Created: 453074 by ظ
[2026-02-03T17:27:12.393Z] [INFO]: User Connected: D-XcmUX1ehqwaRISAAAj
[2026-02-03T17:27:18.557Z] [WARN]: User Disconnected: si-qkxTfFsld-pvNAAAh from room 453074
[2026-02-03T17:27:18.605Z] [INFO]: User Connected: cjQ9HfaHrUtHG8DaAAAl
[2026-02-03T17:27:21.239Z] [INFO]: Room Created: 398031 by س
[2026-02-03T17:27:26.681Z] [INFO]: User ي joined room 398031
[2026-02-03T17:33:59.670Z] [INFO]: SERVER RUNNING ON PORT 3001
[2026-02-03T17:34:01.068Z] [INFO]: User Connected: aXB-SnP2ZM3Qe8juAAAK
[2026-02-03T17:34:01.072Z] [INFO]: User Connected: kooCXgAeNTkEiSFyAAAL
[2026-02-03T17:34:01.073Z] [INFO]: User Connected: 7-OjdPbW6I_jVucMAAAM
[2026-02-03T17:34:01.074Z] [INFO]: User Connected: ry9Pst1jbYiU0bA1AAAN
[2026-02-03T17:34:01.074Z] [INFO]: User Connected: KhRHd7jqvcIH5c6-AAAO
[2026-02-03T17:34:01.075Z] [INFO]: User Connected: szKg-5jiBC0fYbpQAAAP
[2026-02-03T17:34:01.077Z] [INFO]: User Connected: D6SGv7bEDuwloeRBAAAQ
[2026-02-03T17:34:01.078Z] [INFO]: User Connected: wANSI7o1LkE-AnDQAAAR
[2026-02-03T17:34:01.081Z] [INFO]: User Connected: nlt8lNA2b982cE6wAAAS
[2026-02-03T17:34:01.082Z] [INFO]: User Connected: HOGYnGEA7mdeiDPVAAAT
[2026-02-03T17:34:15.871Z] [INFO]: SERVER RUNNING ON PORT 3001
[2026-02-03T17:34:17.062Z] [INFO]: User Connected: A9T4PqlrSbMHFVyrAAAK
[2026-02-03T17:34:17.066Z] [INFO]: User Connected: CBaRlzDaMQAIqx31AAAL
[2026-02-03T17:34:17.066Z] [INFO]: User Connected: dGb6oqfKqIU8zaW6AAAM
[2026-02-03T17:34:17.068Z] [INFO]: User Connected: 7og9B9l7F9GA_S7XAAAN
[2026-02-03T17:34:17.068Z] [INFO]: User Connected: H943DEABvVJdoFbdAAAO
[2026-02-03T17:34:17.071Z] [INFO]: User Connected: bjmCokbiwM0pLI43AAAP
[2026-02-03T17:34:17.072Z] [INFO]: User Connected: CidPmGuG59kT-NdhAAAQ
[2026-02-03T17:34:17.073Z] [INFO]: User Connected: -E23afUEkzRKXIUFAAAR
[2026-02-03T17:34:17.074Z] [INFO]: User Connected: NkpaTD3x98fy0bqqAAAS
[2026-02-03T17:34:17.075Z] [INFO]: User Connected: P1WyVqP8eZzGJSbXAAAT
[2026-02-03T17:34:18.712Z] [INFO]: User Connected: HHprlblmPW3pW7sPAAAV
[2026-02-03T17:34:35.003Z] [WARN]: User Disconnected: HHprlblmPW3pW7sPAAAV
[2026-02-03T17:34:35.531Z] [INFO]: User Connected: grlsTi7WJTa6jkCWAAAX
[2026-02-03T17:34:43.834Z] [INFO]: User Connected: 4c3Pkz6PE2uV8_BNAAAZ
[2026-02-03T17:41:35.634Z] [INFO]: SERVER RUNNING ON PORT 3001
[2026-02-03T17:41:37.072Z] [INFO]: User Connected: LnpQacixeqCPRPYuAAAK
[2026-02-03T17:41:37.073Z] [INFO]: User Connected: rxE4vyQDwS7lrNFbAAAL
[2026-02-03T17:41:37.077Z] [INFO]: User Connected: tJRPUyTKvG-9XqQ1AAAM
[2026-02-03T17:41:37.078Z] [INFO]: User Connected: -COVQHu_Za-ciZOoAAAN
[2026-02-03T17:41:37.080Z] [INFO]: User Connected: vCuf9Hcc3zKxIFtSAAAO
[2026-02-03T17:41:37.080Z] [INFO]: User Connected: hY6IZi4fweFVw4Y4AAAP
[2026-02-03T17:41:37.081Z] [INFO]: User Connected: rNYUXVfMVPzUzOXrAAAQ
[2026-02-03T17:41:37.083Z] [INFO]: User Connected: S-Eufbj8CSX1NItlAAAR
[2026-02-03T17:41:37.085Z] [INFO]: User Connected: 4dMrobaAKkI1PhiqAAAS
[2026-02-03T17:41:37.087Z] [INFO]: User Connected: HPOuLx9w-_9ZEmntAAAT
[2026-02-03T17:46:14.207Z] [INFO]: User Connected: BCKfR2cTO-S7iUhlAAAW
[2026-02-03T17:46:14.209Z] [INFO]: User Connected: T8ehsaqkuG-pwBZFAAAX
[2026-02-03T17:47:48.800Z] [INFO]: User Connected: q_btMUxHwnxT_VxMAAAZ
[2026-02-03T17:47:49.973Z] [INFO]: User Connected: QdC-sZgnVEisY5zeAAAb
[2026-02-03T17:48:36.690Z] [WARN]: User Disconnected: QdC-sZgnVEisY5zeAAAb
[2026-02-03T17:48:37.164Z] [INFO]: User Connected: 26vwjyLU_Od-gzeCAAAd
[2026-02-03T17:48:41.267Z] [WARN]: User Disconnected: q_btMUxHwnxT_VxMAAAZ
[2026-02-03T17:48:41.309Z] [INFO]: User Connected: 8-gjkD1M4CzWw5AlAAAf
[2026-02-03T17:48:49.970Z] [WARN]: User Disconnected: 26vwjyLU_Od-gzeCAAAd
[2026-02-03T17:48:50.307Z] [INFO]: User Connected: 9GUTQiAhkxPqYAHpAAAh
[2026-02-03T17:52:56.055Z] [INFO]: User Connected: AbiwGKxi69MgEm-dAAAE
[2026-02-03T17:52:56.059Z] [INFO]: User Connected: GtLuVnRa3nPooNkkAAAF
[2026-02-03T17:52:56.060Z] [INFO]: User Connected: HhAQlTg4Cn-EUXZrAAAG
[2026-02-03T17:52:56.063Z] [INFO]: User Connected: SPc6k1BnpY0pHn8IAAAH
[2026-02-03T17:52:57.051Z] [INFO]: User Connected: ve4KnctInRJ-plwlAAAO
[2026-02-03T17:52:57.052Z] [INFO]: User Connected: NlHg4a0acN1Oii9xAAAP
[2026-02-03T17:52:57.053Z] [INFO]: User Connected: GQL3oPToKSlPwYchAAAQ
[2026-02-03T17:52:57.054Z] [INFO]: User Connected: 4t5ZAfmUZnasb_24AAAR
[2026-02-03T17:52:57.055Z] [INFO]: User Connected: XnW-TZwVBcFUNXoOAAAS
[2026-02-03T17:52:57.056Z] [INFO]: User Connected: VvoAQcH0mw6Z8pRpAAAT
[2026-02-03T17:53:06.476Z] [INFO]: User Connected: AXzyh9zd98ZYzbUmAAAV
[2026-02-03T17:53:13.273Z] [INFO]: User Connected: KXuAMHSjsdCRkdo0AAAX
[2026-02-03T18:07:52.787Z] [INFO]: User Connected: Lmwbk0dERi-HhGzqAAAB
[2026-02-03T18:07:53.056Z] [INFO]: User Connected: Ap494o343bn7Ab6jAAAL
[2026-02-03T18:07:53.057Z] [INFO]: User Connected: _jLAhoAMqRnCQKXwAAAM
[2026-02-03T18:07:53.058Z] [INFO]: User Connected: 2jdh_qx_sPc74utUAAAN
[2026-02-03T18:07:53.062Z] [INFO]: User Connected: nkHZTUyXpijjY-32AAAO
[2026-02-03T18:07:53.064Z] [INFO]: User Connected: XsBC6WY1LxmalSo2AAAP
[2026-02-03T18:07:53.065Z] [INFO]: User Connected: 04KhYBbFBQdjAJOtAAAQ
[2026-02-03T18:07:53.068Z] [INFO]: User Connected: jKhQmJc23V1vpozlAAAR
[2026-02-03T18:07:53.068Z] [INFO]: User Connected: _T1PaHLfSaV9R-uyAAAS
[2026-02-03T18:07:53.070Z] [INFO]: User Connected: gtLK5lF3AyxvSgkYAAAT
[2026-02-03T18:07:55.593Z] [INFO]: User Connected: ge0DnDszx-4EXfFcAAAV
[2026-02-03T18:07:59.779Z] [INFO]: User Connected: _7lg5ByWmlbQWwzdAAAX
[2026-02-03T18:17:30.197Z] [INFO]: User Connected: atCVLETbcgu2IP4UAAAZ
[2026-02-03T18:17:40.738Z] [INFO]: User Connected: eBEojDzArwll6TEeAAAb
[2026-02-03T18:23:29.058Z] [INFO]: User Connected: d9hNfiSLUZ2ZEG8XAAAE
[2026-02-03T18:23:29.060Z] [INFO]: User Connected: qAxl77Jq2UmDcrt2AAAF
[2026-02-03T18:23:29.063Z] [INFO]: User Connected: 3STnTN3emVsDFbzhAAAG
[2026-02-03T18:23:29.066Z] [INFO]: User Connected: eu8NFeTfOarFNQnMAAAH
[2026-02-03T18:23:30.052Z] [INFO]: User Connected: h7hd9IcdIHUo18Z-AAAO
[2026-02-03T18:23:30.055Z] [INFO]: User Connected: ePJ3tuF5VlwT-KsJAAAP
[2026-02-03T18:23:30.056Z] [INFO]: User Connected: x1ZKen28Wvz54VUsAAAQ
[2026-02-03T18:23:30.056Z] [INFO]: User Connected: aGlHomA6TaZzCkWSAAAR
[2026-02-03T18:23:30.058Z] [INFO]: User Connected: JNf8jDJVniSg_DWAAAAS
[2026-02-03T18:23:30.059Z] [INFO]: User Connected: -Tbw1whYnL3do_o-AAAT
[2026-02-03T18:27:32.713Z] [INFO]: User Connected: S-44F1dOPbQd3StqAAAV
[2026-02-03T18:27:45.877Z] [INFO]: User Connected: h45LSJlrn9358DzgAAAX
[2026-02-03T21:20:23.066Z] [INFO]: User Connected: lMG5DWsYguzKoF6cAAAD
[2026-02-03T21:20:23.068Z] [INFO]: User Connected: LJ77-IAgJm4YHIz2AAAE
[2026-02-03T21:20:23.071Z] [INFO]: User Connected: GaeVuQ37nreJjvZvAAAF
[2026-02-03T21:20:24.052Z] [INFO]: User Connected: 0c0Y-5v9GnEqMkaEAAAH
[2026-02-03T21:20:24.060Z] [INFO]: User Connected: xqnfPnfPp-oTwomhAAAK
[2026-02-03T21:20:24.064Z] [INFO]: User Connected: LlGE0Ombd10jZH4WAAAL
[2026-02-03T21:21:07.980Z] [INFO]: User Connected: NJzUbQI9ahQxxQ3jAAAN
[2026-02-03T21:22:30.212Z] [INFO]: User Connected: 65cUFY_uK5xSg9k2AAAP
[2026-02-03T21:27:12.975Z] [INFO]: User Connected: BS1RxH50ENn2EQErAAAR
[2026-02-03T21:28:15.247Z] [INFO]: User Connected: JtX0ccIVLEdAuXA5AAAT
[2026-02-03T21:28:22.389Z] [INFO]: User Connected: ha0rgAorCqAaVUesAAAV
[2026-02-03T21:34:40.064Z] [INFO]: User Connected: cMs-RcnfpLZ0SJB8AAAF
[2026-02-03T21:34:40.068Z] [INFO]: User Connected: ZlMg8--QO0U5rVlUAAAG
[2026-02-03T21:34:40.069Z] [INFO]: User Connected: uNaWtkbpsymlb_Z3AAAH
[2026-02-03T21:34:40.071Z] [INFO]: User Connected: GUK-IiuEx6YOcmzTAAAI
[2026-02-03T21:34:40.072Z] [INFO]: User Connected: TZMR2gjpQEclthlkAAAJ
[2026-02-03T21:34:41.047Z] [INFO]: User Connected: DOF1XpyzMeeF77vtAAAM
[2026-02-03T21:34:41.048Z] [INFO]: User Connected: PgE2-RQXVn41BWAgAAAN
[2026-02-03T21:37:02.489Z] [INFO]: User Connected: Vsy1WTbYXcMw135_AAAR
[2026-02-03T21:37:02.493Z] [INFO]: User Connected: oBr99j9p4NwKWp7-AAAS
[2026-02-03T21:37:02.494Z] [INFO]: User Connected: h8_bmjrbmTYzIvsBAAAT
[2026-02-03T21:41:15.212Z] [INFO]: User Connected: NlHah4D_SdB2OKfyAAAX
[2026-02-03T21:41:15.215Z] [INFO]: User Connected: A-rJag5Hu7Dl_Wf-AAAY
[2026-02-03T21:41:15.216Z] [INFO]: User Connected: 6Gz0ZjOTx4PXHMKEAAAZ
[2026-02-03T21:41:19.952Z] [INFO]: User Connected: USHAEETvMAwBY5jFAAAb
[2026-02-03T21:41:25.508Z] [INFO]: User Connected: jxZtvQCfysRFADa3AAAd
[2026-02-04T10:09:53.619Z] [INFO]: User Connected: 5W53jybGlP3iQzviAAAi
[2026-02-04T10:09:53.668Z] [INFO]: User Connected: M1bWShk9ZoV_IX9_AAAk
[2026-02-04T10:09:53.912Z] [INFO]: User Connected: -XFqY-3CRe1H3FwQAAAl
[2026-02-04T10:09:53.920Z] [INFO]: User Connected: pyRIFLpu76pa78aeAAAm
[2026-02-04T10:09:53.928Z] [INFO]: User Connected: Gm_fUgktz6ZHjpxPAAAn
[2026-02-04T10:09:54.325Z] [INFO]: User Connected: Qw6D2KxVngItQLWDAAAp
[2026-02-04T10:09:54.710Z] [INFO]: User Connected: LiKD96rB7nFJzGtkAAAu
[2026-02-04T10:09:54.937Z] [INFO]: User Connected: PIOFCNfnZPeRgDueAAAv
[2026-02-04T10:09:54.983Z] [INFO]: User Connected: BEybnNU_REOfyNdXAAAw
[2026-02-04T10:09:54.986Z] [INFO]: User Connected: kX4g5gkZYsZEWbPiAAAx
[2026-02-04T10:09:57.145Z] [INFO]: User Connected: V18BzPgARRRMCKWbAAAz
[2026-02-04T10:17:15.968Z] [INFO]: User Connected: OK8ms7O8EEqKoZo0AAA1
[2026-02-04T10:17:19.267Z] [INFO]: User Connected: phSvZb5eHRQ-hMojAAA3
[2026-02-04T10:30:02.930Z] [INFO]: User Connected: cg4LIs44J2Ys6UXzAAA5
[2026-02-04T10:30:04.266Z] [INFO]: User Connected: hTi_cjS5f2X6zfAoAAA7
[2026-02-04T10:30:12.347Z] [INFO]: User Connected: IpyRb_2bvbLoa0ZeAAA9
[2026-02-04T10:34:46.161Z] [INFO]: User Connected: DfomnISLo3aYO3fPAAA_
[2026-02-04T10:34:54.868Z] [INFO]: User Connected: Heg33354_KJXlwBOAABB
[2026-02-04T10:34:56.955Z] [INFO]: User Connected: dHjogWaBRAgswhkFAABD
[2026-02-04T10:42:22.879Z] [INFO]: User Connected: zuILalsBUWaeAVlrAAAB
[2026-02-04T10:42:23.875Z] [INFO]: User Connected: liTUgWZcLwG7W9rRAAAK
[2026-02-04T10:42:23.877Z] [INFO]: User Connected: 2WnCGPOgTyxj3kK6AAAL
[2026-02-04T10:42:23.881Z] [INFO]: User Connected: rjToWJZAlyoPsPtNAAAM
[2026-02-04T10:42:23.884Z] [INFO]: User Connected: 4sbGcSClJUU_SvSJAAAN
[2026-02-04T10:42:23.886Z] [INFO]: User Connected: k9LtAmslnoMpEJitAAAO
[2026-02-04T10:42:23.887Z] [INFO]: User Connected: TgoESlLGkg-n7qpgAAAP
[2026-02-04T10:42:23.889Z] [INFO]: User Connected: VMuQtMCzWfIYhH70AAAQ
[2026-02-04T10:42:23.891Z] [INFO]: User Connected: lZUyE9T_smL-o5sUAAAR
[2026-02-04T10:45:16.216Z] [INFO]: User Connected: KfwoL2Ijry9DE35EAAAT
[2026-02-04T10:54:50.907Z] [INFO]: User Connected: __jurzyAduIAv8AEAAAV
[2026-02-04T10:54:55.728Z] [INFO]: User Connected: N84OQH2bVvXC2fJ6AAAX
[2026-02-04T10:54:56.949Z] [INFO]: User Connected: B875NmH7PVAdAIviAAAZ
[2026-02-04T11:05:53.218Z] [INFO]: User Connected: dUkrZnVrOJ7BY-TQAAAb
[2026-02-04T11:32:33.328Z] [INFO]: User Connected: jd73soxU3tZ5UsiFAAAd
[2026-02-04T14:32:33.756Z] [INFO]: User Connected: MgHHnOkPxfYFD7y2AAAg
[2026-02-04T14:32:33.760Z] [INFO]: User Connected: HIAs8WCI2TQHXhrgAAAh
[2026-02-04T14:33:04.131Z] [INFO]: User Connected: k6XRP8fIFRGZa7teAAAj
[2026-02-04T14:33:06.515Z] [INFO]: User Connected: txXy3QPcQmDdOW1tAAAl
[2026-02-04T14:33:21.014Z] [INFO]: User Connected: -RoIHUoynbrZYgUDAAAn
[2026-02-04T14:34:22.606Z] [INFO]: User Connected: hcp5rn8M3l03P4CRAAAp
[2026-02-04T14:37:40.952Z] [INFO]: User Connected: RiqKSbnTNkj9IS82AAAs
[2026-02-04T14:37:40.954Z] [INFO]: User Connected: zNpWEm1uZeSvEZ_DAAAt
[2026-02-04T16:26:43.143Z] [INFO]: User Connected: pUy8PqSM-heg6sNdAAAw
[2026-02-04T16:26:43.145Z] [INFO]: User Connected: Wvu0AC3JkpOqUbuLAAAx
[2026-02-04T16:26:53.014Z] [INFO]: User Connected: bZJ3DLo6QOJ4Wo3AAAAz
[2026-02-04T16:26:54.032Z] [INFO]: User Connected: TzLgE_wzubJE71fPAAA1
[2026-02-04T16:30:47.103Z] [INFO]: User Connected: Dy6jpnTwsOCCS5ylAAA3
[2026-02-04T16:35:00.480Z] [INFO]: User Connected: kqGUPu_Suhd7-T4rAAA6
[2026-02-04T16:35:00.482Z] [INFO]: User Connected: DJ6Thlyy6C7Ch1svAAA7
[2026-02-04T16:35:39.591Z] [INFO]: User Connected: I6XkdWSBSFFuTLAjAAA-
[2026-02-04T16:35:39.594Z] [INFO]: User Connected: QKc0DyE0LJXdy7cVAAA_
[2026-02-04T16:39:38.023Z] [INFO]: User Connected: WrurffNt5n96jd_dAABC
[2026-02-04T16:39:38.025Z] [INFO]: User Connected: jpvD3kDvE4mJBUvVAABD
[2026-02-04T16:40:30.939Z] [INFO]: User Connected: 8pHYJm5342ueX5r7AABG
[2026-02-04T16:40:30.940Z] [INFO]: User Connected: ddmt9Jv0vxDcgIVTAABH
[2026-02-04T16:40:39.884Z] [INFO]: User Connected: uVSEjqsYbTGrMws6AABJ
[2026-02-04T16:50:22.601Z] [INFO]: User Connected: BwxoyRC0U0rUoKF_AABL
[2026-02-04T16:50:54.213Z] [INFO]: User Connected: pRGUV4dvLf1cfvK5AABN
[2026-02-04T16:50:54.480Z] [INFO]: User Connected: -IJXmXhDbC0OWmQEAABP
[2026-02-04T17:01:09.841Z] [INFO]: User Connected: 06JWHP6dkF_hnGzzAABR
[2026-02-04T17:01:10.356Z] [INFO]: User Connected: le4bATc6k-5GakYmAABT
[2026-02-04T17:01:10.544Z] [INFO]: User Connected: 2Ixx1PIqi80GgOdWAABV
[2026-02-04T17:01:10.710Z] [INFO]: User Connected: xAJjxQR3NNk-EuRDAABX
[2026-02-04T17:01:11.992Z] [INFO]: User Connected: uFyUUlzAtJcMq6_-AABZ
[2026-02-04T17:01:12.143Z] [INFO]: User Connected: htYu2hcHt73f4Sx7AABb
[2026-02-04T17:01:12.287Z] [INFO]: User Connected: d3Z9r4mGlKqRQgmgAABd
[2026-02-04T17:14:55.810Z] [INFO]: User Connected: 75jVqVHJyZ6OtKUGAABf
[2026-02-04T17:14:56.327Z] [INFO]: User Connected: DArhoDLM3A4egUQJAABh
[2026-02-04T17:14:56.504Z] [INFO]: User Connected: dRfuAQ0WHFTR1swMAABj
[2026-02-04T17:14:57.448Z] [INFO]: User Connected: JlObtwxkUA2LEGkzAABl
[2026-02-04T17:14:57.604Z] [INFO]: User Connected: PRgFtpaGKRYG_gDKAABn
[2026-02-04T17:14:57.755Z] [INFO]: User Connected: 70bnqRnfq4pNKHsZAABp
[2026-02-04T17:17:56.109Z] [INFO]: User Connected: CRCq5_kUPURtIEdMAABr
[2026-02-04T17:17:57.354Z] [INFO]: User Connected: NDxTBqvYRHUvrRSTAABt
[2026-02-04T17:21:40.544Z] [INFO]: User Connected: YSdBjUrHQDXCLtNeAABv
[2026-02-04T17:21:41.745Z] [INFO]: User Connected: ixBlmMzjUB6Oh2ajAABx
[2026-02-04T17:28:24.692Z] [INFO]: User Connected: L3QBf6rkm-FNZenLAAAB
[2026-02-04T17:28:25.312Z] [INFO]: User Connected: L5fVDV7q0ZkAKyjxAAAD
[2026-02-04T17:28:25.860Z] [INFO]: User Connected: izTjI60WHNe8wzoWAAAF
[2026-02-04T17:28:25.866Z] [INFO]: User Connected: HIvD0E6mfTdnowLSAAAJ
[2026-02-04T17:28:25.870Z] [INFO]: User Connected: m8SpbpIkIEnPvBLUAAAK
[2026-02-04T17:28:25.872Z] [INFO]: User Connected: JzhHQYw-JicOIzVQAAAL
[2026-02-04T17:28:42.816Z] [INFO]: User Connected: YfP7SCtvLWTw6MmmAAAN
[2026-02-04T17:28:44.102Z] [INFO]: User Connected: _XIHX5Tl09W0rhZhAAAP
[2026-02-04T17:33:55.309Z] [INFO]: User Connected: Fe3UnRwIUkGxH_uvAAAR
[2026-02-04T17:33:56.442Z] [INFO]: User Connected: yUi-mdjIg8bdT4m0AAAT
[2026-02-04T17:44:06.373Z] [INFO]: User Connected: VNvaxEov95N_5PWrAAAV
[2026-02-04T17:44:08.119Z] [INFO]: User Connected: rAmoDY7ED-TuI87AAAAX
[2026-02-04T17:47:34.074Z] [INFO]: User Connected: o7vvyLiFn8HX1pWRAAAZ
[2026-02-04T17:50:14.894Z] [INFO]: User Connected: tZFeqhHYkhUvYUsXAAAb
[2026-02-04T17:50:17.579Z] [INFO]: User Connected: OkFS2rI16fQZ4zESAAAd
[2026-02-04T17:51:49.153Z] [INFO]: User Connected: EEFN3rnIIEtqMTFTAAAf
[2026-02-04T17:55:10.318Z] [INFO]: User Connected: qGGOgYv854yJxQJ0AAAh
[2026-02-04T18:11:16.160Z] [INFO]: User Connected: 1d1CD1E5uuL3iEAGAAAj
[2026-02-04T18:16:21.772Z] [INFO]: User Connected: g29o9OchL7AjEho5AAAm
[2026-02-04T18:16:21.775Z] [INFO]: User Connected: rT1cY7n3KZ7Uk82DAAAn
[2026-02-04T18:16:21.784Z] [INFO]: User Connected: jAy5Y7dDqdVK1nobAAAp
[2026-02-04T18:23:32.963Z] [INFO]: User Connected: V-hf_Fyxwm5Y03xtAAAr
[2026-02-04T18:23:35.671Z] [INFO]: User Connected: LSNj6TLGbfHvtfZPAAAt
[2026-02-04T18:23:35.906Z] [INFO]: User Connected: gjTU0aNxv18WM9awAAAv
[2026-02-04T18:23:36.091Z] [INFO]: User Connected: yWZIHifxqnNTs1gJAAAx
[2026-02-04T18:23:41.811Z] [INFO]: User Connected: WtVRGrCgloR6PCn0AAAz
[2026-02-04T18:23:41.872Z] [INFO]: User Connected: n7kSzbO2OmEqHs2fAAA1
[2026-02-04T18:23:42.012Z] [INFO]: User Connected: 9TCvTupUtMOGw6gRAAA3
[2026-02-04T18:23:42.173Z] [INFO]: User Connected: GYBIG9tqpJ14ftnNAAA5
[2026-02-04T18:23:55.566Z] [INFO]: User Connected: _2oMHb_zAtr39xyPAAA7
[2026-02-04T18:24:06.925Z] [INFO]: User Connected: w4nyX6thBODcUKCOAAA9
[2026-02-04T18:24:16.571Z] [INFO]: User Connected: 8fH4S_griqxsT7U-AAA_
[2026-02-04T18:24:17.087Z] [INFO]: User Connected: QxdF0G9aAZ0FXlR4AABB
[2026-02-04T18:24:19.556Z] [INFO]: User Connected: TgOkSX6OeZQANjrpAABD
[2026-02-04T18:24:20.218Z] [INFO]: User Connected: rEJWwhyQEPaK27yOAABF
[2026-02-04T18:24:20.941Z] [INFO]: User Connected: 48OmQJN0TaFpSRVpAABH
[2026-02-04T18:24:21.290Z] [INFO]: User Connected: EtY2W6q5VVfk6ne6AABJ
[2026-02-04T18:24:21.490Z] [INFO]: User Connected: JCy1tlDvHv2H8vQoAABL
[2026-02-04T18:24:21.658Z] [INFO]: User Connected: BMoK9nkUitKnKiIbAABN
[2026-02-04T18:24:21.857Z] [INFO]: User Connected: helZEdbAXYVJ3gnRAABP
[2026-02-04T18:24:22.020Z] [INFO]: User Connected: TF-LXdc2udwad5dBAABR
[2026-02-04T18:24:22.205Z] [INFO]: User Connected: C5s-4442PPLUkBQNAABT
[2026-02-04T18:25:06.636Z] [INFO]: User Connected: KUsTVg-WG6j1uoyOAABV
[2026-02-04T18:25:07.224Z] [INFO]: User Connected: KfvASqLsqDNyG7HHAABX
[2026-02-04T18:25:08.322Z] [INFO]: User Connected: AkIjK_zggG2FYJazAABZ
[2026-02-04T18:25:15.552Z] [INFO]: User Connected: 3-PYZ9DeM0t4i_WwAABb
[2026-02-04T18:25:15.781Z] [INFO]: User Connected: gOJeTzYoX2ACGcm6AABd
[2026-02-04T18:25:15.963Z] [INFO]: User Connected: FyhJGJkxOn1w0zabAABf
[2026-02-04T18:25:33.663Z] [INFO]: User Connected: l33dntFftAAwWKATAABh
[2026-02-04T19:10:32.980Z] [INFO]: User Connected: OLBu6mwu9M58M-gNAABj
[2026-02-04T19:10:34.278Z] [INFO]: User Connected: Lh80C_BD-cElQLN_AABl
[2026-02-04T19:10:35.189Z] [INFO]: User Connected: sVRuEQPOpSQb8_64AABn
[2026-02-04T19:10:35.370Z] [INFO]: User Connected: Vqs1UQobP9Z5tah8AABp
[2026-02-04T19:10:35.528Z] [INFO]: User Connected: -YByYp8lPwtoPENDAABr
[2026-02-04T19:10:37.982Z] [INFO]: User Connected: WZ0f3YqHYWV1sIUiAABt
[2026-02-04T19:10:38.165Z] [INFO]: User Connected: H4CgMUEd0uEyOlgtAABv
[2026-02-04T19:10:38.509Z] [INFO]: User Connected: ECWcg-ThmsllcbGOAABx
[2026-02-04T19:10:38.813Z] [INFO]: User Connected: fBo7svtCRTjJKJjkAABz
[2026-02-04T19:10:40.581Z] [INFO]: User Connected: Bsyu7tRvlLAmIdl3AAB1
[2026-02-04T19:10:40.784Z] [INFO]: User Connected: apGmBUeRXUhQjMfkAAB3
[2026-02-04T19:10:40.967Z] [INFO]: User Connected: ZTw5DDkW4j8XuKquAAB5
[2026-02-04T19:10:41.142Z] [INFO]: User Connected: e7ChLvzQXHYcTPeHAAB7
[2026-02-04T19:10:41.346Z] [INFO]: User Connected: 0-u_KMYNQlGio7wVAAB9
[2026-02-04T19:10:41.510Z] [INFO]: User Connected: tzLDugC3WsFUkqefAAB_
[2026-02-04T19:10:41.687Z] [INFO]: User Connected: qn_LKErZfwGrk4CfAACB
[2026-02-04T19:10:41.876Z] [INFO]: User Connected: anWyvlq6XbcFxJQYAACD
[2026-02-04T19:10:42.324Z] [INFO]: User Connected: 5npIAothGUTh57XXAACF
[2026-02-04T19:10:42.545Z] [INFO]: User Connected: 4XuxBokZUppS60gRAACH
[2026-02-04T19:10:42.733Z] [INFO]: User Connected: T4tLmV5ID8nrZuJdAACJ
[2026-02-04T19:10:42.908Z] [INFO]: User Connected: AaaKyJtZ7HAmCTcxAACL
[2026-02-04T19:10:43.120Z] [INFO]: User Connected: MGN54Qi5gMy2q5O5AACN
[2026-02-04T19:10:43.283Z] [INFO]: User Connected: IoMOreSk4V0-d8nTAACP
[2026-02-04T19:10:43.449Z] [INFO]: User Connected: uTkXmr1jht1YltbWAACR
[2026-02-04T19:10:43.619Z] [INFO]: User Connected: PofJx1HebRP4fclbAACT
[2026-02-04T19:10:43.782Z] [INFO]: User Connected: 6DbpQw7Gi_uMPyu3AACV
[2026-02-04T19:10:43.957Z] [INFO]: User Connected: XlHU2hvARESn5CdZAACX
[2026-02-04T19:10:45.627Z] [INFO]: User Connected: hHpEmyoimgqIp39LAACZ
[2026-02-04T19:10:46.502Z] [INFO]: User Connected: BE_B-Auv-E-zUNz5AACb
[2026-02-04T19:12:29.541Z] [INFO]: User Connected: oEF7bixqBS70g0HTAACd
[2026-02-04T19:12:32.790Z] [INFO]: User Connected: 3G2AOm1hG_YF2APPAACf
[2026-02-04T19:13:08.402Z] [INFO]: User Connected: XsEexS94DJSFdQZEAACh
[2026-02-04T19:13:09.486Z] [INFO]: User Connected: 3_BxToLzyB7LONMlAACj
[2026-02-04T19:13:14.731Z] [INFO]: User Connected: Do-Aqmw-HseT4wPiAACl
[2026-02-04T19:13:15.282Z] [INFO]: User Connected: -0NNco446-RAcozhAACn
[2026-02-04T19:13:15.488Z] [INFO]: User Connected: 9wnkmrGgBMupC58SAACp
[2026-02-04T19:15:35.162Z] [INFO]: User Connected: 5QLWOQ3AeBrCBWC9AACr
[2026-02-04T19:15:37.572Z] [INFO]: User Connected: JBkQlp7U-P-HSoj6AACt
[2026-02-04T19:16:44.046Z] [INFO]: User Connected: VU3rzwNr4vlYSgMrAACv
[2026-02-04T19:18:05.626Z] [INFO]: User Connected: x_0nt9KEk7gjo_2sAACx
[2026-02-04T19:18:06.801Z] [INFO]: User Connected: N_ajO3TCIe9h_zHKAACz
[2026-02-04T19:18:08.292Z] [INFO]: User Connected: AAFVE-RW1Au9H7pEAAC1
[2026-02-04T19:22:35.143Z] [INFO]: User Connected: 9hbq_J5jjxFgw7mdAAC3
[2026-02-04T19:22:36.189Z] [INFO]: User Connected: TLae81o6Ohj8suyhAAC5
[2026-02-04T19:25:45.255Z] [INFO]: User Connected: 3Dm_FoswVn6cE1-mAAC7
[2026-02-04T19:25:45.996Z] [INFO]: User Connected: UIJewUSLpcK846brAAC9
[2026-02-04T19:28:09.665Z] [INFO]: User Connected: 3CUNHBkHdreTumkKAADA
[2026-02-04T19:28:09.666Z] [INFO]: User Connected: ytsUCvnyyvLjOrKRAADB
[2026-02-04T19:28:09.677Z] [INFO]: User Connected: dHZonv3FbQLSTqFQAADD
[2026-02-04T19:28:13.578Z] [INFO]: User Connected: 08vj6uYbb50XdQtIAADF
[2026-02-04T19:28:18.137Z] [INFO]: User Connected: PBe2j0ehUatodwjEAADH
[2026-02-04T19:31:33.669Z] [INFO]: User Connected: WitdDzsmAgYC5oC9AADL
[2026-02-04T19:31:33.670Z] [INFO]: User Connected: PxjfHi9P4JG_7EWgAADM
[2026-02-04T19:31:33.671Z] [INFO]: User Connected: HbMTitFqDupbwlvgAADN
[2026-02-04T19:33:41.555Z] [INFO]: User Connected: H2q8aRdQLRxl2R2QAADP
[2026-02-04T19:33:42.115Z] [INFO]: User Connected: K4owcuUH8mtBX6QUAADR
[2026-02-04T19:33:44.531Z] [INFO]: User Connected: 3FmeNLYLgSikaOxPAADT
[2026-02-04T19:33:44.717Z] [INFO]: User Connected: jplA_3Wo7Np0GgwkAADV
[2026-02-04T19:34:07.357Z] [INFO]: User Connected: 1h6PY5whL43WzOs8AADX
[2026-02-04T19:35:45.059Z] [INFO]: User Connected: iuDc6h9vLu1scYceAADZ
[2026-02-04T19:35:46.733Z] [INFO]: User Connected: 0g7gXhoIdZ_YyFhEAADb
[2026-02-04T19:36:45.991Z] [INFO]: User Connected: IyNrYe0azfQ6P3VIAADd
[2026-02-04T19:39:29.641Z] [INFO]: User Connected: nPyRMDhlO6A-B98YAADf
[2026-02-04T19:39:31.748Z] [INFO]: User Connected: NnMWs_ejPFnsFVehAADh
[2026-02-04T19:46:43.113Z] [INFO]: User Connected: JhGhoDb9AMhIlHSWAAAB
[2026-02-04T19:46:43.856Z] [INFO]: User Connected: RuPMViVr0O17Nb1nAAAH
[2026-02-04T19:46:43.858Z] [INFO]: User Connected: INMl7ISlUwln4aChAAAI
[2026-02-04T19:46:43.859Z] [INFO]: User Connected: lMzHYuzHe05YsnSNAAAJ
[2026-02-04T19:46:43.860Z] [INFO]: User Connected: IzTw2ybbtW5oNvz9AAAK
[2026-02-04T19:46:43.864Z] [INFO]: User Connected: c67b7zVgu8BAgSNtAAAO
[2026-02-04T19:46:43.868Z] [INFO]: User Connected: Md7AbQwC4MdxzGGmAAAP
[2026-02-04T19:46:43.871Z] [INFO]: User Connected: p4XKRmx3vX4mkY9dAAAQ
[2026-02-04T19:46:43.873Z] [INFO]: User Connected: hhig0Ov6OnOCKiDNAAAR
[2026-02-04T19:54:30.865Z] [INFO]: User Connected: dbTs3UqVxvYDj9jvAAAG
[2026-02-04T19:54:30.869Z] [INFO]: User Connected: 7zBdjbscT8vC18c0AAAH
[2026-02-04T19:54:30.870Z] [INFO]: User Connected: BPXvdY9Kfp7V4iT4AAAI
[2026-02-04T19:54:30.871Z] [INFO]: User Connected: qpZmGErGAyIs-rj8AAAJ
[2026-02-04T19:54:30.873Z] [INFO]: User Connected: 8E-Sw9iHgKkIH1dyAAAK
[2026-02-04T19:54:30.876Z] [INFO]: User Connected: P877e83e3mKNRjgEAAAL
[2026-02-04T19:54:31.859Z] [INFO]: User Connected: G_FvdsBIHaz86jdIAAAP
[2026-02-04T19:54:31.862Z] [INFO]: User Connected: QjFQvaVIXZxYhUXqAAAQ
[2026-02-04T19:54:31.863Z] [INFO]: User Connected: UkU9s7tw-zovd03PAAAR
[2026-02-04T19:54:44.246Z] [INFO]: User Connected: AvWtZVH4wAmsfUC6AAAT
[2026-02-04T19:54:51.199Z] [ERROR]: Error: Cannot read properties of undefined (reading 'resetGame')
[2026-02-04T19:54:53.354Z] [ERROR]: Error: Cannot read properties of undefined (reading 'resetGame')
[2026-02-04T19:55:01.866Z] [INFO]: User Connected: I_M2DiptMvDUkpyuAAAD
[2026-02-04T19:55:01.867Z] [INFO]: User Connected: BK9vwWwntLBvWJTcAAAE
[2026-02-04T19:55:01.875Z] [INFO]: User Connected: 3uRhnYR5IYSAzRTKAAAF
[2026-02-04T19:55:02.858Z] [INFO]: User Connected: zYhfJzEnf0yOXnMIAAAM
[2026-02-04T19:55:02.862Z] [INFO]: User Connected: wZGVndvYxflamb7QAAAN
[2026-02-04T19:55:02.863Z] [INFO]: User Connected: ovKUDztp504KMf2ZAAAO
[2026-02-04T19:55:02.865Z] [INFO]: User Connected: MRE7ezGATTuvIxVzAAAP
[2026-02-04T19:55:02.867Z] [INFO]: User Connected: q-HLSQnnjMEEhzPBAAAQ
[2026-02-04T19:55:02.869Z] [INFO]: User Connected: zLa7cSp0uf_QGrNAAAAR
[2026-02-04T19:55:05.126Z] [INFO]: User Connected: HOpa0lCnYxnuBNuVAAAT
[2026-02-04T19:58:15.934Z] [INFO]: User Connected: -itAqOIF8L4jPoK4AAAX
[2026-02-04T19:58:15.936Z] [INFO]: User Connected: QV3g5nDVD0JxmM51AAAY
[2026-02-04T19:58:15.938Z] [INFO]: User Connected: Ykf2W5jA8oVzTD11AAAZ
[2026-02-04T19:58:19.873Z] [INFO]: User Connected: ZgUX4s3eCY0W_FazAAAF
[2026-02-04T19:58:19.877Z] [INFO]: User Connected: 1iPl3RoNGmT4JHl3AAAH
[2026-02-04T19:58:19.879Z] [INFO]: User Connected: PqV-daJsRKTndn8IAAAI
[2026-02-04T19:58:19.880Z] [INFO]: User Connected: 7OTiH5s3E9wtln2OAAAJ
[2026-02-04T19:58:19.881Z] [INFO]: User Connected: 1TIfug_3tXYR6MOJAAAK
[2026-02-04T19:58:19.883Z] [INFO]: User Connected: SlmU2z6Q2JVnjQ68AAAL
[2026-02-04T19:58:20.107Z] [INFO]: User Connected: v0gIkadqjqAr4Q6pAAAN
[2026-02-04T19:58:20.855Z] [INFO]: User Connected: P2CYtjrBfF67deFzAAAT
[2026-02-04T19:58:20.857Z] [INFO]: User Connected: tCuY1RqMDwgReYBTAAAU
[2026-02-04T19:58:20.861Z] [INFO]: User Connected: WK-NfD3gYJzOtsZiAAAV
[2026-02-04T19:58:20.862Z] [INFO]: User Connected: 7736Y9LqlzwIjR5iAAAW
[2026-02-04T19:58:20.863Z] [INFO]: User Connected: dF6wTVQrffNdSvl2AAAX
[2026-02-04T19:58:22.182Z] [INFO]: User Connected: Fyv1Y1hsiGrHvHf0AAAZ
[2026-02-04T20:00:50.841Z] [INFO]: User Connected: LR93ZMBkzNNcosgaAAAb
[2026-02-04T20:00:58.036Z] [INFO]: User Connected: 0czy90N8s5tZgkuwAAAd
[2026-02-04T20:01:50.825Z] [INFO]: User Connected: nLRmB7iTraWGtJsaAAAf
[2026-02-04T20:01:51.020Z] [INFO]: User Connected: 9uzzsvXmCq-RSlPpAAAh
[2026-02-04T20:01:51.263Z] [INFO]: User Connected: YHjpe5KX96TjqqK-AAAj
[2026-02-04T20:27:41.880Z] [INFO]: User Connected: NsoNhqwz1XVl4MslAAAG
[2026-02-04T20:27:41.881Z] [INFO]: User Connected: v011yVl6AqMRD7f8AAAH
[2026-02-04T20:27:41.883Z] [INFO]: User Connected: 5P0dJlyHWNrgBGM3AAAI
[2026-02-04T20:27:41.889Z] [INFO]: User Connected: 48-a0KFcwpdLc7ZzAAAJ
[2026-02-04T20:27:41.891Z] [INFO]: User Connected: C-uQnVBSwlMYkSwUAAAK
[2026-02-04T20:27:41.893Z] [INFO]: User Connected: BsliM7bTDdYjJ3wpAAAL
[2026-02-04T21:33:01.883Z] [INFO]: User Connected: Eyfe9ZEQAnCzzXZEAAAB
[2026-02-04T23:01:32.694Z] [INFO]: User Connected: nkW3zWRWqTuUxgNpAAAC
[2026-02-04T23:01:32.699Z] [INFO]: User Connected: lx9B86aPBmGbdCLmAAAD
[2026-02-04T23:01:33.859Z] [INFO]: User Connected: U6SENsHx6Y_NdeVcAAAF
[2026-02-04T23:01:34.857Z] [INFO]: User Connected: QqwOa3zTmF-pKqGkAAAI
[2026-02-04T23:01:34.859Z] [INFO]: User Connected: zNwie_4eR-ekpM5BAAAJ
[2026-02-05T09:04:38.486Z] [INFO]: User Connected: EOqMZiIck89jHAMoAAAP
[2026-02-05T09:04:38.517Z] [INFO]: User Connected: P8kyjV3TA1hFlWZbAAAQ
[2026-02-05T09:04:38.646Z] [INFO]: User Connected: YWIbxHdcFQBEJPJMAAAR
[2026-02-05T09:04:38.662Z] [INFO]: User Connected: EFr8Wr4ctU154WxdAAAS
[2026-02-05T09:04:38.666Z] [INFO]: User Connected: 9O1icccQATLTdNEWAAAT
[2026-02-05T09:16:06.671Z] [INFO]: User Connected: anggP73v9LqDlLOTAAAB
[2026-02-05T09:16:07.683Z] [INFO]: User Connected: N8QByI_tRaJNBaASAAAF
[2026-02-05T09:16:07.685Z] [INFO]: User Connected: qCvgIu_VJ_xyrhkpAAAH
[2026-02-05T09:16:07.686Z] [INFO]: User Connected: vjcQSS9je8WOofwTAAAI
[2026-02-05T09:16:07.695Z] [INFO]: User Connected: cLBZsHvVFSULGbSSAAAJ
[2026-02-05T09:26:22.386Z] [INFO]: User Connected: ppGMno3JbdIvnX0sAAAL
[2026-02-05T09:32:47.250Z] [INFO]: User Connected: W2WHLRSEPyBhMjLoAAAF
[2026-02-05T09:32:47.251Z] [INFO]: User Connected: v3nNnQZ8PqdJ4vksAAAG
[2026-02-05T09:32:47.252Z] [INFO]: User Connected: 6N616QHGnaqIGkwlAAAH
[2026-02-05T09:32:47.258Z] [INFO]: User Connected: kZWa1NHEDNDq-ADpAAAI
[2026-02-05T09:32:47.260Z] [INFO]: User Connected: LzxZxYxFz3JyT0bhAAAJ
[2026-02-05T09:32:52.661Z] [INFO]: User Connected: 7JfzDl5tpwiJiiMPAAAL
[2026-02-05T09:32:57.669Z] [INFO]: User Connected: ISql6Lbdek2mrr2QAAAE
[2026-02-05T09:32:57.673Z] [INFO]: User Connected: A2RJZFAg7KzWL5x9AAAF
[2026-02-05T09:32:57.674Z] [INFO]: User Connected: tZm-wuEzZ1B4bgieAAAG
[2026-02-05T09:32:57.675Z] [INFO]: User Connected: qcnD87yPIjVNu32_AAAH
[2026-02-05T09:32:58.662Z] [INFO]: User Connected: NOyrkVLmp7hz9SdiAAAK
[2026-02-05T09:32:58.663Z] [INFO]: User Connected: IXf1uaqs-CA0i_MfAAAL
[2026-02-05T09:33:49.675Z] [INFO]: User Connected: gGhH7ILhyS-qLctXAAAD
[2026-02-05T09:33:49.676Z] [INFO]: User Connected: MLBXtBJzIPKolmkYAAAE
[2026-02-05T09:33:49.677Z] [INFO]: User Connected: ND3GC7xAtrPoWZA6AAAF
[2026-02-05T09:33:50.666Z] [INFO]: User Connected: duSXJ7JbGBxRusNxAAAJ
[2026-02-05T09:33:50.667Z] [INFO]: User Connected: jat_UbrcgOzQ7sezAAAK
[2026-02-05T09:33:50.668Z] [INFO]: User Connected: 4QwU5XcrZr3iRHL-AAAL
[2026-02-05T09:47:39.943Z] [INFO]: User Connected: ulJwqWfeAzPa_dceAAAE
[2026-02-05T09:47:39.944Z] [INFO]: User Connected: 34EhZXhsbyY68iCEAAAF
[2026-02-05T09:47:39.949Z] [INFO]: User Connected: RceQMDYZDtqrGI_QAAAG
[2026-02-05T09:47:39.951Z] [INFO]: User Connected: psCboFzctSTLfz11AAAH
[2026-02-05T09:47:40.670Z] [INFO]: User Connected: iu9pkPZwsCdHrqd7AAAJ
[2026-02-05T09:47:41.674Z] [INFO]: User Connected: tKcBlteGQSrWamNWAAAL
[2026-02-05T09:47:42.742Z] [INFO]: User Connected: Teej2PKi3xu4pbtfAAAN
[2026-02-05T09:49:03.633Z] [ERROR]: Error: Cannot read properties of undefined (reading 'filter')
[2026-02-05T09:49:05.357Z] [ERROR]: Error: Cannot read properties of undefined (reading 'filter')
[2026-02-05T09:49:07.279Z] [ERROR]: Error: Cannot read properties of undefined (reading 'filter')
[2026-02-05T09:49:09.503Z] [ERROR]: Error: Cannot read properties of undefined (reading 'filter')
[2026-02-05T09:49:51.448Z] [INFO]: User Connected: AmXtlF6YsFZkeudoAAAB
[2026-02-05T09:49:51.662Z] [INFO]: User Connected: 2XIqGjsYnEF3KLeAAAAD
[2026-02-05T09:49:55.669Z] [INFO]: User Connected: Yw45ww6jfgaoyUfAAAAG
[2026-02-05T09:49:55.670Z] [INFO]: User Connected: 7T_gp0I8AubNPh3_AAAH
[2026-02-05T09:49:56.658Z] [INFO]: User Connected: RtoHi5MX6xveY1lMAAAK
[2026-02-05T09:49:56.660Z] [INFO]: User Connected: o5OUZEGeOD2gqDrwAAAL
[2026-02-05T09:58:25.988Z] [INFO]: User Connected: jfPEa5tgh7FV3_7TAAAE
[2026-02-05T09:58:25.990Z] [INFO]: User Connected: 5cvJei_2KFNgCwTeAAAF
[2026-02-05T09:58:25.991Z] [INFO]: User Connected: jMQj88fBIPpNtcU5AAAG
[2026-02-05T09:58:25.993Z] [INFO]: User Connected: 2fzsGyVU-N6WdjTCAAAH
[2026-02-05T09:58:26.656Z] [INFO]: User Connected: ClEqOHYwhHiAUYT_AAAJ
[2026-02-05T10:00:26.748Z] [INFO]: User Connected: SX1AjZEDyjJVqLtEAAAL
[2026-02-05T10:00:30.772Z] [INFO]: User Connected: Zmx6D3_BjE3Op8CAAAAN
[2026-02-05T10:00:37.407Z] [INFO]: User Connected: pL9-JKC_CdNcTWUeAAAP
[2026-02-05T10:00:40.544Z] [INFO]: User Connected: rM4aD0wbsvL2a1iwAAAR
[2026-02-05T10:01:45.487Z] [INFO]: User Connected: _84PUhxM8hRx_MzHAAAT
[2026-02-05T10:01:46.113Z] [INFO]: User Connected: _nH0FtTagFfdZnUNAAAV
[2026-02-05T10:03:05.162Z] [ERROR]: Error: Cannot read properties of undefined (reading 'filter')
[2026-02-05T10:03:07.841Z] [ERROR]: Error: Cannot read properties of undefined (reading 'filter')
[2026-02-05T10:04:11.992Z] [ERROR]: Error: Cannot read properties of undefined (reading 'filter')
[2026-02-05T10:04:13.467Z] [ERROR]: Error: Cannot read properties of undefined (reading 'filter')
[2026-02-05T10:04:18.484Z] [INFO]: User Connected: VrjG8XwcqH0VPN7uAAAX
[2026-02-05T10:04:18.903Z] [INFO]: User Connected: Xw9LvB6CwWkT8f2fAAAZ
[2026-02-05T10:04:26.939Z] [ERROR]: Error: Cannot read properties of undefined (reading 'filter')
[2026-02-05T10:06:38.812Z] [ERROR]: Error: Cannot read properties of undefined (reading 'filter')
[2026-02-05T10:13:02.112Z] [ERROR]: Error: Cannot read properties of undefined (reading 'filter')
[2026-02-05T10:20:13.855Z] [INFO]: User Connected: A8uYKx56IHjqpQe5AAAb
[2026-02-05T10:20:20.683Z] [ERROR]: Error: Cannot read properties of undefined (reading 'filter')
[2026-02-05T10:20:22.861Z] [ERROR]: Error: Cannot read properties of undefined (reading 'filter')
[2026-02-05T10:24:21.682Z] [INFO]: User Connected: -Q6XvMTTk2wkDnCPAAAC
[2026-02-05T10:24:21.684Z] [INFO]: User Connected: lAjKiu1wb_i9SOEoAAAD
[2026-02-05T10:24:22.659Z] [INFO]: User Connected: y5b3qiNtHEli0IFgAAAF
[2026-02-05T10:24:22.668Z] [INFO]: User Connected: yPN3C980qj6DEuJwAAAJ
[2026-02-05T10:24:22.673Z] [INFO]: User Connected: 1tl161YdCDjuc-CeAAAK
[2026-02-05T10:24:22.674Z] [INFO]: User Connected: SnmD6jSUVFoG-LrmAAAL
[2026-02-05T10:24:24.466Z] [INFO]: User Connected: u3VT_e_3YA8EbKD6AAAN
[2026-02-05T10:24:31.708Z] [ERROR]: Error: Cannot read properties of undefined (reading 'filter')
[2026-02-05T10:24:33.444Z] [ERROR]: Error: Cannot read properties of undefined (reading 'filter')
[2026-02-05T10:24:35.125Z] [ERROR]: Error: Cannot read properties of undefined (reading 'filter')
[2026-02-05T10:24:36.635Z] [ERROR]: Error: Cannot read properties of undefined (reading 'filter')
[2026-02-05T10:28:13.743Z] [INFO]: User Connected: DbeScIFl13aWKQWxAAAP
[2026-02-05T10:28:20.579Z] [ERROR]: Error: Cannot read properties of undefined (reading 'filter')
[2026-02-05T10:28:23.395Z] [ERROR]: Error: Cannot read properties of undefined (reading 'filter')
[2026-02-05T10:28:25.542Z] [ERROR]: Error: Cannot read properties of undefined (reading 'filter')
[2026-02-05T10:28:27.204Z] [ERROR]: Error: Cannot read properties of undefined (reading 'filter')
[2026-02-05T10:29:06.160Z] [ERROR]: Error: Cannot read properties of undefined (reading 'filter')
[2026-02-05T10:29:14.790Z] [ERROR]: Error: Cannot read properties of undefined (reading 'filter')
[2026-02-05T10:29:58.475Z] [ERROR]: Error: Cannot read properties of undefined (reading 'filter')
[2026-02-05T10:30:05.805Z] [ERROR]: Error: Cannot read properties of undefined (reading 'filter')
[2026-02-05T10:30:09.904Z] [ERROR]: Error: Cannot read properties of undefined (reading 'filter')
[2026-02-05T10:31:19.255Z] [INFO]: User Connected: ugwyY789KmBtEolDAAAR
[2026-02-05T10:31:38.683Z] [ERROR]: Error: Cannot read properties of undefined (reading 'filter')
[2026-02-05T10:31:48.644Z] [ERROR]: Error: Cannot read properties of undefined (reading 'filter')
[2026-02-05T10:33:33.669Z] [ERROR]: Error: Cannot read properties of undefined (reading 'filter')
[2026-02-05T10:33:38.114Z] [ERROR]: Error: Cannot read properties of undefined (reading 'filter')
[2026-02-05T10:41:05.022Z] [ERROR]: Error: Cannot read properties of undefined (reading 'filter')
[2026-02-05T10:41:06.780Z] [INFO]: User Connected: k1f-fNgTliqwOkz5AAAT
[2026-02-05T10:41:13.652Z] [ERROR]: Error: Cannot read properties of undefined (reading 'filter')
[2026-02-05T10:46:52.671Z] [INFO]: User Connected: KETKwBJ32WTicbv2AAAG
[2026-02-05T10:46:52.673Z] [INFO]: User Connected: IQSv_o6G__YV7hsRAAAH
[2026-02-05T10:46:52.678Z] [INFO]: User Connected: k3kHoSPRUj4ZHF-5AAAI
[2026-02-05T10:46:52.679Z] [INFO]: User Connected: 837x3MtOGhQbGMTnAAAJ
[2026-02-05T10:46:52.682Z] [INFO]: User Connected: C7WfdSV92HlNgH_GAAAK
[2026-02-05T10:46:52.683Z] [INFO]: User Connected: qu2u0XmC4ynjuazqAAAL
[2026-02-05T10:51:36.686Z] [INFO]: User Connected: YH1QaG6r8F6PzJjTAAAN
[2026-02-05T10:51:45.294Z] [ERROR]: Error: Cannot read properties of undefined (reading 'filter')
[2026-02-05T10:51:46.988Z] [ERROR]: Error: Cannot read properties of undefined (reading 'filter')
[2026-02-05T10:51:50.153Z] [INFO]: User Connected: 1nWnSqWtv3AMUHcbAAAP
[2026-02-05T10:52:46.665Z] [INFO]: User Connected: y5XyMP_Tff2eE9KIAAAD
[2026-02-05T10:52:46.667Z] [INFO]: User Connected: 6WN9J2cQJd-IBPCiAAAE
[2026-02-05T10:52:46.676Z] [INFO]: User Connected: LsZurkl0i2t5czG9AAAF
[2026-02-05T10:52:47.671Z] [INFO]: User Connected: Yc8Y43jWrmiSAFrwAAAJ
[2026-02-05T10:52:47.674Z] [INFO]: User Connected: O7mPi1QdXKnNjwceAAAK
[2026-02-05T10:52:47.677Z] [INFO]: User Connected: OwjMX4S19hQDDUQrAAAL
[2026-02-05T10:52:49.397Z] [INFO]: User Connected: -lU8m8i2v3YTU4JBAAAN
[2026-02-05T10:52:49.566Z] [INFO]: User Connected: K4YuPheWI_VolE5bAAAP
[2026-02-05T10:53:17.730Z] [INFO]: User Connected: njxDDJvF9gTVndD-AAAR
[2026-02-05T10:56:23.902Z] [INFO]: User Connected: NdDCGPRnGeZ6wtZKAAAT
[2026-02-05T10:56:39.242Z] [INFO]: User Connected: XJh4xvemfgUTTgNkAAAV
[2026-02-05T11:02:50.407Z] [INFO]: User Connected: zKG93aogPiOCgleAAAAX
[2026-02-05T11:03:24.684Z] [INFO]: User Connected: A8ygzHdyvAlP2-_lAAAG
[2026-02-05T11:03:24.690Z] [INFO]: User Connected: Wxoa7VKbBwB5mSXEAAAH
[2026-02-05T11:03:24.691Z] [INFO]: User Connected: bflagPU4Fcqj8vBSAAAI
[2026-02-05T11:03:24.692Z] [INFO]: User Connected: 1x8axI_CmJqvKrg8AAAJ
[2026-02-05T11:03:24.694Z] [INFO]: User Connected: kBkeqgA1bkVCxf5SAAAK
[2026-02-05T11:03:24.695Z] [INFO]: User Connected: XxCJUDgfvnlmnOYSAAAL
[2026-02-05T11:18:15.685Z] [INFO]: User Connected: k4fXL3LgVXGQJv02AAAG
[2026-02-05T11:18:15.686Z] [INFO]: User Connected: avHsekR5ev_AX-GJAAAH
[2026-02-05T11:18:15.688Z] [INFO]: User Connected: gMVIcfgEcG1D4zx9AAAI
[2026-02-05T11:18:15.689Z] [INFO]: User Connected: APpUb9P6LdN-gUnQAAAJ
[2026-02-05T11:18:15.693Z] [INFO]: User Connected: hAhXzTqh5oUgBNFcAAAK
[2026-02-05T11:18:15.696Z] [INFO]: User Connected: KjQGBV5et2n-InjAAAAL
[2026-02-05T11:18:43.779Z] [INFO]: User Connected: bFyW64rXxX4lX1HVAAAN
[2026-02-05T11:18:44.011Z] [INFO]: User Connected: gYoRn4hemB982nM-AAAP
[2026-02-05T11:20:09.213Z] [INFO]: User Connected: ReGpFR5gGB27O2NgAAAR
[2026-02-05T11:21:11.257Z] [INFO]: User Connected: qnVxM2VI_y9U3TveAAAT
[2026-02-05T11:21:12.340Z] [INFO]: User Connected: NO9jHCqWw5h3cVO5AAAV
[2026-02-05T11:21:12.581Z] [INFO]: User Connected: A0VXGfuMjbwU3n8DAAAX
[2026-02-05T11:21:13.634Z] [INFO]: User Connected: m_skY_MecNJC4Gj5AAAZ
[2026-02-05T11:21:13.780Z] [INFO]: User Connected: I3YZgftNzGlfHlLKAAAb
[2026-02-05T11:21:41.190Z] [INFO]: User Connected: lF91CaDGxx9RjBTNAAAd
[2026-02-05T11:21:47.185Z] [INFO]: User Connected: yzJ3fC6tW-8pw8WDAAAf
[2026-02-05T11:22:14.975Z] [INFO]: User Connected: BwPNx2W3ala3XC8iAAAh
[2026-02-05T11:23:20.332Z] [INFO]: User Connected: 6gQ4_0Tvjf7XgLq2AAAj
[2026-02-05T11:24:43.007Z] [INFO]: User Connected: cAl-GKzK9UxgrNmGAAAl
[2026-02-05T11:24:43.979Z] [INFO]: User Connected: OMBmJntHQHph_tLrAAAn
[2026-02-05T11:24:57.407Z] [INFO]: User Connected: 3-58MiJSdXd2vRQRAAAp
[2026-02-05T11:46:12.130Z] [INFO]: User Connected: 44d-li5d1rvyw2sBAAAr
[2026-02-05T12:10:01.675Z] [INFO]: User Connected: dZTJPG4zMWV9bSEhAAAB
[2026-02-05T12:10:03.177Z] [INFO]: User Connected: aCrnwQ8HCtTd2O0qAAAD
[2026-02-05T12:10:03.665Z] [INFO]: User Connected: LnPXeA0d_bmDkB7JAAAF
[2026-02-05T12:10:04.670Z] [INFO]: User Connected: R3PoheXYjkIUfb3IAAAH
[2026-02-05T12:10:05.670Z] [INFO]: User Connected: wslrtDQKa7sb9V4UAAAJ
[2026-02-05T12:10:06.743Z] [INFO]: User Connected: LmHwXX_QQl_TKAF3AAAL
[2026-02-05T12:10:08.383Z] [INFO]: User Connected: 9Ntangjo1HsiYKBbAAAN
[2026-02-05T12:11:33.964Z] [INFO]: User Connected: 6xjwmBgItnlcj4OVAAAP
[2026-02-05T12:11:36.489Z] [INFO]: User Connected: L7tE7pTeNKraFTkTAAAR
[2026-02-05T12:11:42.609Z] [INFO]: User Connected: JRGxqoio_gFjXp5KAAAT
[2026-02-05T12:12:56.971Z] [INFO]: User Connected: 2tU5u6tWySRs9jqgAAAV
[2026-02-05T12:13:03.218Z] [INFO]: User Connected: 8_iN9-wI5erWnXC0AAAX
[2026-02-05T12:17:53.665Z] [INFO]: User Connected: dc6v190h5LRVOY-mAAAZ
[2026-02-05T12:21:46.481Z] [INFO]: User Connected: Mg7AbIBnm0XF-IZlAAAb
[2026-02-05T12:23:32.709Z] [INFO]: User Connected: vGdMVLYu3hPTM-ytAAAd
[2026-02-05T12:24:01.369Z] [INFO]: User Connected: uwG0t80bI1Ry3VN4AAAf
[2026-02-05T12:28:59.936Z] [INFO]: User Connected: XKKtm3B6O1qL56WPAAAh
[2026-02-05T12:29:32.497Z] [INFO]: User Connected: wOnWVoFeEazYgTdBAAAj
[2026-02-05T12:31:48.467Z] [INFO]: User Connected: 75B8OFADdYdyOKAZAAAl
[2026-02-05T13:07:27.975Z] [INFO]: User Connected: GT3KSpjv6_MMcM5eAAAB
[2026-02-05T13:07:29.665Z] [INFO]: User Connected: aP9pXb9vV-Hs3ckwAAAG
[2026-02-05T13:07:29.674Z] [INFO]: User Connected: C35GUsaqTpQwFGwTAAAH
[2026-02-05T13:07:29.674Z] [INFO]: User Connected: t56Drt_UUHmJKwucAAAI
[2026-02-05T13:07:29.677Z] [INFO]: User Connected: 7yPHFpdocm-EgSiGAAAJ
[2026-02-05T13:07:32.510Z] [INFO]: User Connected: RBcqGYhV7hh7_bd_AAAL
[2026-02-05T13:07:33.170Z] [INFO]: User Connected: sgou05A8UskcLqz4AAAN
[2026-02-05T13:07:57.664Z] [INFO]: User Connected: 8zVQR9U4Zf3hnSjzAAAP
[2026-02-05T13:08:41.814Z] [INFO]: User Connected: QP3Axv9E-zt5YY0pAAAR
[2026-02-05T13:13:00.350Z] [INFO]: User Connected: 4OZORKgD9IX2HS8WAAAT
[2026-02-05T13:42:22.963Z] [INFO]: User Connected: 7QQU9AE5R-v78YmaAAAW
[2026-02-05T13:42:22.967Z] [INFO]: User Connected: KPvyj6DWgsmKZBXaAAAX
[2026-02-05T13:42:26.489Z] [INFO]: User Connected: 7qqTMTa0ViVp2WMbAAAZ
[2026-02-05T14:59:14.015Z] [INFO]: User Connected: EUiU6v61PSg_Nc-qAAAb
[2026-02-05T15:07:57.761Z] [INFO]: User Connected: t0BZRcQvZUKoOoKaAAAe
[2026-02-05T15:07:57.765Z] [INFO]: User Connected: VguDHRvy7aBF2VHWAAAf
[2026-02-05T15:08:00.826Z] [INFO]: User Connected: VSlFsE_QlPaEdS59AAAh
[2026-02-05T15:08:01.243Z] [INFO]: User Connected: ePA0Ab5ter4w2QAQAAAj
[2026-02-05T15:12:16.692Z] [INFO]: User Connected: 7BY90e8H5tS_wz0HAAAC
[2026-02-05T15:12:16.694Z] [INFO]: User Connected: eLBakaeiU7LAetU-AAAD
[2026-02-05T15:12:17.672Z] [INFO]: User Connected: T3gIhDgKfLsoCzEwAAAK
[2026-02-05T15:12:17.675Z] [INFO]: User Connected: Mvpdnr1Cj_-m8Q9dAAAL
[2026-02-05T15:12:17.677Z] [INFO]: User Connected: ZyzSBDi0kn3JkzO1AAAM
[2026-02-05T15:12:17.679Z] [INFO]: User Connected: ObWGNKJXv49NazERAAAN
[2026-02-05T15:12:17.680Z] [INFO]: User Connected: f9cNMOtwMJbPp_4SAAAO
[2026-02-05T15:12:17.682Z] [INFO]: User Connected: wCo2h1Pg8z9fwEetAAAP
[2026-02-05T15:12:35.395Z] [INFO]: User Connected: u-3yzQEMkP8Yc_c5AAAR
[2026-02-05T16:46:46.759Z] [INFO]: User Connected: Puwv9VnxO9MetjcxAAAT
[2026-02-05T16:50:54.406Z] [INFO]: User Connected: 0BbCUC00iXyTe4qQAAAV
[2026-02-05T16:51:58.996Z] [INFO]: User Connected: 62e3gk0GlcvCN4pTAAAX
[2026-02-05T16:56:42.944Z] [INFO]: User Connected: guUjVvBtHfpQCgOeAAAZ
[2026-02-05T16:57:27.227Z] [INFO]: User Connected: DJDdJWDXFzpEuE_nAAAb
[2026-02-05T16:57:55.924Z] [INFO]: User Connected: IMiEOF_nUFpIxBA7AAAd
[2026-02-05T16:58:28.302Z] [INFO]: User Connected: _QppHAFIOvshsT58AAAf
[2026-02-05T16:59:37.807Z] [INFO]: User Connected: mZ3heqxE6U6s_BYaAAAh
[2026-02-05T17:06:53.785Z] [INFO]: User Connected: 7up2HaVzU8kN5x1DAAAj
[2026-02-05T17:07:05.316Z] [INFO]: User Connected: axWwyjXEJlmoQWAJAAAl
[2026-02-05T17:11:45.863Z] [INFO]: User Connected: ceU2WxzqEXW6bFgdAAAo
[2026-02-05T17:11:45.864Z] [INFO]: User Connected: S6B0BRXtc4AbP0QWAAAp
[2026-02-05T17:12:08.380Z] [INFO]: User Connected: Y8a8_FCtOzb6oW6qAAAr
[2026-02-05T17:12:18.383Z] [INFO]: User Connected: 5qNW9P5q9UNOROV8AAAt
[2026-02-05T17:17:50.215Z] [INFO]: User Connected: XSjSMBke2H_wJOQ7AAAw
[2026-02-05T17:17:50.217Z] [INFO]: User Connected: YWI-hmBlCi37F5icAAAx
[2026-02-05T17:17:54.897Z] [INFO]: User Connected: FS0NhnYsaUoh22NzAAAz
[2026-02-05T17:18:10.874Z] [INFO]: User Connected: 5nuAZvWpDU0nfPXlAAA1
[2026-02-05T17:25:26.256Z] [INFO]: User Connected: lBbwBuhbsVI3q53yAAA4
[2026-02-05T17:25:26.258Z] [INFO]: User Connected: g2lpY99HCJV1MC6OAAA5
[2026-02-05T17:26:58.511Z] [INFO]: User Connected: Y463HEHu0x_QNqDQAAA8
[2026-02-05T17:26:58.514Z] [INFO]: User Connected: nhYGLHwIs8K7f-H-AAA9
[2026-02-05T17:27:59.089Z] [INFO]: User Connected: DSTVnEZa1LI2vmpMAABA
[2026-02-05T17:27:59.091Z] [INFO]: User Connected: B64ld9XwuGVXIX5uAABB
[2026-02-05T17:28:23.168Z] [INFO]: User Connected: wuF6WrQ9JY4TqC7pAABD
[2026-02-05T17:28:25.814Z] [INFO]: User Connected: BY5SE3OHWxf6CHbNAABF
[2026-02-05T17:28:26.058Z] [INFO]: User Connected: MiLtpgF6hiQ4g3c4AABH
[2026-02-05T17:31:12.350Z] [INFO]: User Connected: ZaO0aOpQhKRrdidFAABJ
[2026-02-05T17:31:18.756Z] [INFO]: User Connected: DQZOO0oX2-_vZDYhAABL
[2026-02-05T17:31:28.585Z] [INFO]: User Connected: X6-T1GMAYZVAFSDXAABN
[2026-02-05T17:31:31.376Z] [INFO]: User Connected: v0fU3oM955VnVyhCAABP
[2026-02-05T17:31:33.071Z] [INFO]: User Connected: -32z8rtp_lAosI_3AABR
[2026-02-05T17:45:40.508Z] [INFO]: User Connected: DyU7hBwz0kwgdk3MAABT
[2026-02-05T17:45:58.807Z] [INFO]: User Connected: ohbNig20c24W31OhAABV
[2026-02-05T17:46:30.465Z] [INFO]: User Connected: GU-uvCs2rGOW8gexAABX
[2026-02-05T17:49:18.680Z] [INFO]: User Connected: xH0_Phdd6spAaT6CAABZ
[2026-02-05T17:51:06.725Z] [INFO]: User Connected: KS-hK7c3pJ3ZS_AAAABb
[2026-02-05T20:47:58.677Z] [INFO]: User Connected: x3YQu--ny5LRxYEsAAAB
[2026-02-05T20:47:59.661Z] [INFO]: User Connected: bDjRAFipsFqHItNtAAAE
[2026-02-05T20:47:59.664Z] [INFO]: User Connected: JztJMrRXy5f-Fzb2AAAF
[2026-02-05T20:48:00.853Z] [INFO]: User Connected: 8fmi26GZfC9_7nXcAAAH
[2026-02-05T20:48:01.383Z] [INFO]: User Connected: fQV4FLPtHOyFAQZYAAAJ
[2026-02-05T20:48:01.559Z] [INFO]: User Connected: FsNnHSymlws1GnFoAAAL
[2026-02-05T20:48:03.669Z] [INFO]: User Connected: 8i7MPz7TGvK5-afgAAAN
[2026-02-05T20:48:14.118Z] [INFO]: User Connected: wbzEL1hxm-37odOoAAAP
[2026-02-05T20:50:20.188Z] [INFO]: User Connected: SiRhLQ6nRvUZzRkKAAAR
[2026-02-05T21:08:46.621Z] [INFO]: User Connected: hDvhbZsjRZHf16EjAAAT
[2026-02-05T21:32:01.673Z] [INFO]: User Connected: 25lzK8_Imfpdxx7oAAAF
[2026-02-05T21:32:01.711Z] [INFO]: User Connected: 95Zz8qfNNIGu7SHMAAAG
[2026-02-05T21:32:01.712Z] [INFO]: User Connected: vh0sDEcPg2Ew83BJAAAH
[2026-02-05T21:32:01.714Z] [INFO]: User Connected: aUIG-fpsgMqOfFi3AAAI
[2026-02-05T21:32:01.715Z] [INFO]: User Connected: cEYZmEmBDZmeuc96AAAJ
[2026-02-05T21:32:03.179Z] [INFO]: User Connected: gimFp-tn5K2lqejOAAAM
[2026-02-05T21:32:03.182Z] [INFO]: User Connected: I9LxxDqZ-ekWT7wPAAAN
[2026-02-05T21:32:14.745Z] [INFO]: User Connected: aT3slKbST7kJCAVwAAAP
[2026-02-05T21:32:15.974Z] [INFO]: User Connected: TcxQURFoDZ5IxV3eAAAR
[2026-02-05T21:35:56.632Z] [INFO]: User Connected: TzcpzXrVU2dlVzgFAAAU
[2026-02-05T21:35:56.634Z] [INFO]: User Connected: CJ5_bmsmFEU7HdxIAAAV
[2026-02-05T21:37:06.857Z] [INFO]: User Connected: giI9unnPtiPiluDzAAAX
[2026-02-05T21:37:07.392Z] [INFO]: User Connected: v385wT-N7MeM_nLqAAAZ
[2026-02-05T21:37:08.407Z] [INFO]: User Connected: 0pFujGvQHjBz8OlrAAAb
[2026-02-05T21:38:13.966Z] [INFO]: User Connected: 8Bd3-f0wpgCFyA4BAAAd
[2026-02-05T21:38:48.195Z] [INFO]: User Connected: OrbBfasuV9dk5fOzAAAg
[2026-02-05T21:38:48.197Z] [INFO]: User Connected: Ibkgsywz6AjcFC8QAAAh
[2026-02-05T21:38:54.952Z] [INFO]: User Connected: qqNdRnMAcd64BE1OAAAj
[2026-02-05T21:41:32.356Z] [INFO]: User Connected: gGoXetHSCuj9qFyZAAAm
[2026-02-05T21:41:32.359Z] [INFO]: User Connected: kJMLZrMVzuNpEfJEAAAn
[2026-02-05T21:50:37.317Z] [INFO]: User Connected: Ry3Kz4qNPFHkks3JAAAp
[2026-02-05T21:52:54.833Z] [INFO]: User Connected: 3Kbq119nJn-k2sXoAAAr
[2026-02-05T21:52:55.039Z] [INFO]: User Connected: I-oDJkYcvOzT1dCoAAAt
[2026-02-06T10:59:21.296Z] [INFO]: User Connected: cxJhq6vGRJ2GBAu8AAAC
[2026-02-06T10:59:21.299Z] [INFO]: User Connected: 4BLh_9SN8nVfwyR4AAAD
[2026-02-06T10:59:23.481Z] [INFO]: User Connected: oQbgigY1unLNnvvhAAAH
[2026-02-06T10:59:23.482Z] [INFO]: User Connected: baEIznkWqcJtvZZGAAAI
[2026-02-06T10:59:23.483Z] [INFO]: User Connected: DZRskdVYuRY7JWhCAAAJ
[2026-02-06T10:59:35.851Z] [INFO]: User Connected: vbMlhzdFGzelklGsAAAL
[2026-02-06T11:11:35.805Z] [INFO]: User Connected: T-7U0lwwTXmHorBuAAAN
[2026-02-06T11:11:36.135Z] [INFO]: User Connected: viM0p-dbnwfEiSAOAAAP
[2026-02-06T11:11:36.315Z] [INFO]: User Connected: Qvl4kFTNvVxAknnBAAAR
[2026-02-06T11:15:49.484Z] [INFO]: User Connected: qpCPou3DLnOVEre0AAAG
[2026-02-06T11:15:49.488Z] [INFO]: User Connected: _b0IDGesAr6JdIopAAAH
[2026-02-06T11:15:49.489Z] [INFO]: User Connected: u5gRh70J-IcVXfGIAAAI
[2026-02-06T11:15:49.491Z] [INFO]: User Connected: LnmBHnZDCGgAUzruAAAJ
[2026-02-06T11:15:49.493Z] [INFO]: User Connected: oKR62M4P8uS2xx4ZAAAK
[2026-02-06T11:15:49.494Z] [INFO]: User Connected: bbwCaa6KvuvLKO8qAAAL
[2026-02-06T11:22:29.480Z] [INFO]: User Connected: UooDHOO9wrEm8HQVAAAC
[2026-02-06T11:22:29.486Z] [INFO]: User Connected: yRk7bff0Qn7knftGAAAD
[2026-02-06T11:22:30.473Z] [INFO]: User Connected: y0_Mul3Z7Br6B3b9AAAI
[2026-02-06T11:22:30.474Z] [INFO]: User Connected: gI_xv6irwtC9fRtSAAAJ
[2026-02-06T11:22:30.476Z] [INFO]: User Connected: 3MG-NxIjZov0c2dVAAAK
[2026-02-06T11:22:30.477Z] [INFO]: User Connected: 9OG9-85LfrWP-6VFAAAL
[2026-02-06T11:22:33.808Z] [INFO]: User Connected: bDDN_i_4PyfZa6f2AAAN
[2026-02-06T11:27:20.295Z] [INFO]: User Connected: FL4lc-iGUJ9h4jVtAAAP
[2026-02-06T11:27:25.731Z] [INFO]: User Connected: _0P1INC3n7nlGmoXAAAR
[2026-02-06T11:27:28.229Z] [INFO]: User Connected: jc2-PAvyhaa11yXyAAAT
[2026-02-06T11:44:21.471Z] [INFO]: User Connected: mYJMOSVjrtumJR1sAAAB
[2026-02-06T11:44:22.041Z] [INFO]: User Connected: bVhnnuwfjW-dw3ouAAAD
[2026-02-06T11:44:22.482Z] [INFO]: User Connected: VrK3kdB44luUM_EVAAAH
[2026-02-06T11:44:22.483Z] [INFO]: User Connected: kUHhXin_FN2EeR2xAAAI
[2026-02-06T11:44:22.484Z] [INFO]: User Connected: jG4fVo8NGugwjnuTAAAJ
[2026-02-06T11:44:28.823Z] [INFO]: User Connected: higkbGMZbZmwXq8mAAAL
[2026-02-06T11:44:30.658Z] [INFO]: User Connected: qE3eP1tbuuh38kGiAAAN
[2026-02-06T11:55:12.485Z] [INFO]: User Connected: 72A9iK7JQxiydfyMAAAE
[2026-02-06T11:55:12.488Z] [INFO]: User Connected: -WamIc3cIOUC50UfAAAF
[2026-02-06T11:55:12.489Z] [INFO]: User Connected: yzebrmJ1Mm4apf1sAAAG
[2026-02-06T11:55:12.492Z] [INFO]: User Connected: yJlOfbvmRqPZuV6aAAAH
[2026-02-06T11:55:13.469Z] [INFO]: User Connected: M8JJJng7ew_W5NO0AAAJ
[2026-02-06T11:55:19.010Z] [INFO]: User Connected: 4InhvrUt8WQ7-tRoAAAL
[2026-02-06T12:16:49.621Z] [INFO]: User Connected: bRgqKVlwpcLZaK7VAAAN
[2026-02-06T12:16:50.096Z] [INFO]: User Connected: SVLeJVs8DGK5IFB0AAAP
[2026-02-06T12:20:40.286Z] [INFO]: User Connected: _wocw_iEVUm8uZuLAAAR
[2026-02-06T12:21:25.751Z] [INFO]: User Connected: f4V3EfY7F0pCVG3xAAAT
[2026-02-06T12:22:22.639Z] [INFO]: User Connected: ZWcS8HdF0l8DV7PYAAAV
[2026-02-06T12:25:01.006Z] [INFO]: User Connected: B0h6P_oJUwtoR95iAAAX
[2026-02-06T12:25:35.019Z] [INFO]: User Connected: 9dsqxCPOJaZvQ2JMAAAZ
[2026-02-06T12:25:41.212Z] [INFO]: User Connected: JkNlVoR3qNKFG3MTAAAb
[2026-02-06T12:25:49.874Z] [INFO]: User Connected: kubCwq0mqoiayQKQAAAd
[2026-02-06T12:30:42.124Z] [INFO]: User Connected: C_kCYge_0r0ZYurKAAAf
[2026-02-06T12:31:29.191Z] [INFO]: User Connected: qdY0Qw15KSrL2xNHAAAh
[2026-02-06T12:44:52.814Z] [INFO]: User Connected: JkgC-Hur5XYGzyZDAAAj
[2026-02-06T12:44:53.629Z] [INFO]: User Connected: JG7IqjW_c0agvFvDAAAl
[2026-02-06T12:49:24.916Z] [INFO]: User Connected: 2tawJmm3cttJLrInAAAn
[2026-02-06T12:49:34.068Z] [INFO]: User Connected: SyFZSb5bora7iUyEAAAp
[2026-02-06T12:55:14.452Z] [INFO]: User Connected: bRG6OO2QBF0tGxehAAAr
[2026-02-06T12:56:26.587Z] [INFO]: User Connected: mFuSZv_rAX4qH_2kAAAt
[2026-02-06T12:56:30.476Z] [INFO]: User Connected: IJdag5W_ajsso8sCAAAv
[2026-02-06T13:04:04.068Z] [INFO]: User Connected: PXjCdEyxtUGfgXjDAAAx
[2026-02-06T13:04:07.821Z] [INFO]: User Connected: 4_LP9_4008JvirDFAAAz
[2026-02-06T13:05:38.763Z] [INFO]: User Connected: k8gEEgK7vuoxM5_iAAA1
[2026-02-06T13:13:32.388Z] [INFO]: User Connected: JxMkMC89OAvbVtH9AAA4
[2026-02-06T13:13:32.393Z] [INFO]: User Connected: 2J89xD5kZ1rjiP51AAA5
[2026-02-06T13:13:48.209Z] [INFO]: User Connected: 5FN1uqwnR0slY3txAAA7
[2026-02-06T13:17:21.291Z] [INFO]: User Connected: txDmWVwSIDHQDY8RAAA9
[2026-02-06T13:17:21.753Z] [INFO]: User Connected: MuinRsvgkXc5Q5OuAAA_
[2026-02-06T13:17:21.927Z] [INFO]: User Connected: o7c0dYs3twabrsEeAABB
[2026-02-06T13:17:25.857Z] [INFO]: User Connected: tMCCTz6nwpIkAa70AABD
[2026-02-06T13:17:26.033Z] [INFO]: User Connected: TzhPZzSxklUIGQBMAABF
[2026-02-06T13:17:26.198Z] [INFO]: User Connected: Yt2pkszk7jv7bRCZAABH
[2026-02-06T13:17:26.367Z] [INFO]: User Connected: LoC-mRZM-NyzhEpQAABJ
[2026-02-06T13:17:26.521Z] [INFO]: User Connected: _knBm9dYRzajLbcDAABL
[2026-02-06T13:17:26.694Z] [INFO]: User Connected: FZ8OHhV_ZyKTRcHcAABN
[2026-02-06T13:17:26.852Z] [INFO]: User Connected: 74N2W3JM3cKo_UY-AABP
[2026-02-06T13:17:27.011Z] [INFO]: User Connected: dJqMh6xNMKnnovIkAABR
[2026-02-06T13:26:11.978Z] [INFO]: User Connected: wEnjdEzSlxEV4wh4AABU
[2026-02-06T13:26:11.981Z] [INFO]: User Connected: 13iP8m3epA2EA87jAABV
[2026-02-06T13:26:17.146Z] [INFO]: User Connected: lwxRGEqX2Q6grQbCAABX
[2026-02-06T13:26:17.533Z] [INFO]: User Connected: EvvNhxUZTv3o80AfAABZ
[2026-02-06T13:26:17.804Z] [INFO]: User Connected: 3cMKNyijzZCHZIXdAABb
[2026-02-06T13:26:18.008Z] [INFO]: User Connected: i-5efLTH4kmjxBhAAABd
[2026-02-06T13:26:18.218Z] [INFO]: User Connected: v5eppF5X2zvzLuuDAABf
[2026-02-06T13:26:18.458Z] [INFO]: User Connected: O9_P-0KVETSUH1BYAABh
[2026-02-06T13:26:18.673Z] [INFO]: User Connected: lTtb928zg95T_F9KAABj
[2026-02-06T13:26:27.999Z] [INFO]: User Connected: oEC7BtRMhXvIvW2TAABm
[2026-02-06T13:26:28.000Z] [INFO]: User Connected: 2l5mz6Qb9uwoGxuLAABn
[2026-02-06T13:26:29.549Z] [INFO]: User Connected: 6Uj1Vh-gkBg4xnlZAABp
[2026-02-06T13:26:36.735Z] [INFO]: User Connected: _R6reQWBsGRDXov4AABs
[2026-02-06T13:26:36.736Z] [INFO]: User Connected: WkxbO7l5YbYqc4j0AABt
[2026-02-06T13:26:38.152Z] [INFO]: User Connected: nemHQJK3Gfyxnt81AABv
[2026-02-06T13:27:51.989Z] [INFO]: User Connected: UqGckOXeejIahCIdAABx
[2026-02-06T13:35:52.485Z] [INFO]: User Connected: pjiwYHboUFzYZxmVAAAG
[2026-02-06T13:35:52.489Z] [INFO]: User Connected: -2LR0IbI_heg8kKXAAAH
[2026-02-06T13:35:52.490Z] [INFO]: User Connected: GQYMSaGs-Mv8VqYXAAAI
[2026-02-06T13:35:52.490Z] [INFO]: User Connected: 7qeZD2M5q_Te-KBGAAAJ
[2026-02-06T13:35:52.492Z] [INFO]: User Connected: eJoYe95P8T27WQIxAAAK
[2026-02-06T13:35:52.495Z] [INFO]: User Connected: Wh11lGrs45tQ2aQfAAAL
[2026-02-06T13:35:54.461Z] [INFO]: User Connected: rLkkLWDJB9DI8jF3AAAO
[2026-02-06T13:35:54.465Z] [INFO]: User Connected: cCbH5J0V1Krlv23PAAAP
[2026-02-06T13:35:57.333Z] [INFO]: User Connected: kG1DnEwonGLPjAEUAAAR
[2026-02-06T13:38:55.062Z] [INFO]: User Connected: pMzP5FgteImCE_CZAAAT
[2026-02-06T13:40:18.712Z] [INFO]: User Connected: Wr8QwvONsZRfGLteAAAV
[2026-02-06T13:41:15.585Z] [INFO]: User Connected: c0QBiqncwzgDuZVyAAAX
[2026-02-07T09:40:00.749Z] [INFO]: User Connected: vPN9QVxOVqs0YwfxAAAB
[2026-02-07T09:40:43.381Z] [INFO]: User Connected: vNvmqHdm62U9BQ0jAAAD
[2026-02-07T09:51:21.936Z] [INFO]: User Connected: lAzhpL5WwdzYgyCRAAAF
[2026-02-07T09:56:04.591Z] [INFO]: User Connected: b0trdRXb983poFi5AAAH
[2026-02-07T09:56:09.439Z] [INFO]: User Connected: vEz4_3dCj9SQYhXoAAAJ
[2026-02-07T09:56:15.801Z] [INFO]: User Connected: c16d7de9_lk6LOZKAAAL
[2026-02-07T09:56:26.416Z] [INFO]: User Connected: VTDjE0Gigqltd_yDAAAN
[2026-02-07T10:02:37.942Z] [INFO]: User Connected: lMqjH3Ay7Zxx35yRAAAP
[2026-02-07T10:05:42.265Z] [INFO]: User Connected: yGIBwbbnmutBpGgZAAAR
[2026-02-07T10:05:43.114Z] [INFO]: User Connected: VJAQG4FV38zKbYqBAAAT
[2026-02-07T10:18:01.465Z] [INFO]: User Connected: IdU27LbcpBSPJdX3AAAV
[2026-02-07T10:18:15.426Z] [INFO]: User Connected: mZU69VNKCVGSQtjJAAAX
[2026-02-07T10:22:25.380Z] [INFO]: User Connected: jOsvxtPzmXABbCACAAAZ
[2026-02-07T10:22:29.278Z] [INFO]: User Connected: ZUldMmhSE72ET5cJAAAb
[2026-02-07T10:22:32.764Z] [INFO]: User Connected: yf5b26UvMElp-gNkAAAd
[2026-02-07T10:42:50.035Z] [INFO]: User Connected: s1YxmFvY7yLGP6NSAAAg
[2026-02-07T10:42:50.037Z] [INFO]: User Connected: pBd9MsSnD2cdvMHkAAAh
[2026-02-07T10:42:50.043Z] [INFO]: User Connected: S9EiUrqHS7NWmQ17AAAj
[2026-02-07T10:48:55.212Z] [INFO]: User Connected: 7WVDDBsxlS1dknfhAAAn
[2026-02-07T10:48:55.217Z] [INFO]: User Connected: N2oLS8ibZ4sWq29kAAAo
[2026-02-07T10:48:55.217Z] [INFO]: User Connected: oq3y3asJdAdVRaEKAAAp
[2026-02-07T10:53:52.354Z] [INFO]: User Connected: sK487GewRMNPkz-_AAAr
[2026-02-07T10:53:53.566Z] [INFO]: User Connected: faWhlnEDbRmmluxlAAAt
[2026-02-07T10:53:53.833Z] [INFO]: User Connected: 0dfoI_S7S0z1oiM3AAAv
[2026-02-07T10:56:16.821Z] [INFO]: User Connected: wKNeXTsNC1ahgT-XAAAx
[2026-02-07T10:56:21.621Z] [INFO]: User Connected: q4jSnqZfjsOJGg8vAAAz
[2026-02-07T11:12:56.335Z] [INFO]: User Connected: zduZkVCcOvlYh40MAAA1
[2026-02-07T11:13:17.978Z] [INFO]: User Connected: VJqw2spM0CV9E-HqAAA3
[2026-02-07T11:14:41.791Z] [INFO]: User Connected: 9ElDtlQ6tYsuDgXEAAA5
[2026-02-07T11:15:15.386Z] [INFO]: User Connected: s3mC_34To9gVMDLEAAA7
[2026-02-07T11:18:18.637Z] [INFO]: User Connected: bQP-fdvXP-HJYdhKAAA9
[2026-02-07T11:18:28.892Z] [INFO]: User Connected: CVwAn_ce2yTGBCu5AAA_
[2026-02-07T11:19:10.703Z] [INFO]: User Connected: _mJp4A3rE5tMklMZAABB
[2026-02-07T11:19:13.472Z] [INFO]: User Connected: 0nQHSmyIW2pVkNCbAABD
[2026-02-07T11:19:15.863Z] [INFO]: User Connected: Xm_bNfe-lt97SovWAABF
[2026-02-07T11:49:07.131Z] [INFO]: User Connected: qlsnKb0gEdwgfX52AAAE
[2026-02-07T11:49:07.132Z] [INFO]: User Connected: J3H3B-M5k9VZv_W4AAAF
[2026-02-07T11:49:07.136Z] [INFO]: User Connected: 0dNrkrppYswfF9WoAAAG
[2026-02-07T11:49:07.138Z] [INFO]: User Connected: U2E_Hx6sYYDuGezuAAAH
[2026-02-07T11:49:23.540Z] [INFO]: User Connected: Eq6nGa9QZ1wF_9fWAAAJ
[2026-02-07T11:58:02.616Z] [INFO]: User Connected: Psa0MYONUGmE481XAAAL
[2026-02-07T11:58:02.968Z] [INFO]: User Connected: wnAzzyTmvXR91kdXAAAN
[2026-02-07T11:58:22.798Z] [INFO]: User Connected: tfjo_YdOlovUB8dqAAAP
[2026-02-07T11:59:09.911Z] [INFO]: User Connected: fGsWUzo81-ASl3rGAAAR
[2026-02-07T11:59:20.452Z] [INFO]: User Connected: GQRmEBpzX-E3lNgJAAAT
[2026-02-07T11:59:40.756Z] [INFO]: User Connected: laspcc6FlodMS8A4AAAV
[2026-02-07T11:59:52.821Z] [INFO]: User Connected: vQI-pgtWdeDBBY2UAAAX
[2026-02-07T11:59:53.214Z] [INFO]: User Connected: xobE19qVvlgZx57CAAAZ
[2026-02-07T12:00:26.396Z] [INFO]: User Connected: 0wCeCt0N7VO7-rQ9AAAb
[2026-02-07T12:14:56.310Z] [INFO]: User Connected: vMAVkOWXAct94BeFAAAd
[2026-02-07T12:14:59.475Z] [INFO]: User Connected: PQhIclC0xXHIu1QnAAAf
[2026-02-07T12:15:06.193Z] [INFO]: User Connected: Y6GqMgyqdwYlzVQdAAAh
[2026-02-07T12:15:14.742Z] [INFO]: User Connected: 8p01tugqQKPIBeGtAAAj
[2026-02-07T12:15:19.434Z] [INFO]: User Connected: wytTkBLh1ta7_CoQAAAl
[2026-02-07T12:15:20.956Z] [INFO]: User Connected: svVkbQy-nL0_Ed2bAAAn
[2026-02-07T12:15:28.165Z] [INFO]: User Connected: V-fLimEaR36_xoFlAAAp
[2026-02-07T12:15:46.836Z] [ERROR]: Error: الكود غير صحيح
[2026-02-07T12:15:49.142Z] [ERROR]: Error: الكود غير صحيح
[2026-02-07T12:25:22.116Z] [INFO]: User Connected: aVnE7BpIF1ohW_3uAAAr
[2026-02-07T14:15:11.214Z] [INFO]: User Connected: 8uVmgo4kII-v-oSQAAAt
[2026-02-07T14:20:37.085Z] [INFO]: User Connected: YW_QTBdaBa1vCOp0AAAv
[2026-02-07T14:20:40.307Z] [INFO]: User Connected: ZkYn4SlXNLjHtT8hAAAx
[2026-02-07T14:20:40.654Z] [INFO]: User Connected: J7B1UKESocCJdG0_AAAz
[2026-02-07T14:20:41.189Z] [INFO]: User Connected: MAlavLl9AzSOVhAxAAA1
[2026-02-07T14:20:41.417Z] [INFO]: User Connected: P_sZ-wt01y1wFr1qAAA3
[2026-02-07T14:20:41.635Z] [INFO]: User Connected: D80QVJ8E6SB2y4roAAA5
[2026-02-07T14:20:46.146Z] [INFO]: User Connected: H9mj2yG0AlHxbrsOAAA7
[2026-02-07T14:26:35.324Z] [INFO]: User Connected: IdYQ_4PTkXljXPL1AAA9
[2026-02-07T14:26:38.517Z] [INFO]: User Connected: 742bPQyHM8VIlBqfAAA_
[2026-02-07T14:27:27.714Z] [INFO]: User Connected: JAvcyUu7gFjENrRmAABB
[2026-02-07T14:27:50.575Z] [INFO]: User Connected: 3O9EcP9L4KTWhAuLAABD
[2026-02-07T14:28:26.041Z] [INFO]: User Connected: yOo0mxiitrg7y1h1AABF
[2026-02-07T14:28:29.061Z] [INFO]: User Connected: cpx5Zx5L1jef9eb1AABH
[2026-02-07T14:28:42.082Z] [INFO]: User Connected: eQ3r1SXPwaJvf_zqAABJ
[2026-02-07T14:28:50.824Z] [INFO]: User Connected: EEOpPIh27w8t6NQaAABL
[2026-02-07T14:29:59.597Z] [INFO]: User Connected: y-iXivEjVpYuiBmjAABN
[2026-02-07T14:30:33.606Z] [INFO]: User Connected: qk8PN6aprREigapDAABP
[2026-02-07T15:24:13.119Z] [INFO]: User Connected: qAdt1Sk4k79mXIarAAAE
[2026-02-07T15:24:13.122Z] [INFO]: User Connected: _OzXuPva4GuKkCcJAAAF
[2026-02-07T15:24:13.122Z] [INFO]: User Connected: Z_iS-BA1M1U2GnbkAAAG
[2026-02-07T15:24:13.124Z] [INFO]: User Connected: MMQ_1_IUDLL7M3N1AAAH
[2026-02-07T15:25:11.456Z] [INFO]: User Connected: nqQIKWKM0c0VzgTaAAAJ
[2026-02-07T15:29:12.975Z] [INFO]: User Connected: KgpD57k3tjjoZP4-AAAL
[2026-02-07T15:29:17.907Z] [INFO]: User Connected: Xwwm0tdpq-RpoWV9AAAN
[2026-02-07T15:32:01.561Z] [INFO]: User Connected: cRFG8MA1SPH5p1SSAAAP
[2026-02-07T15:32:01.968Z] [INFO]: User Connected: JJnSMitX4HJFdh-eAAAR
[2026-02-07T15:32:05.851Z] [INFO]: User Connected: q5uVTuyYIBe4ObuIAAAT
[2026-02-07T15:32:26.138Z] [INFO]: User Connected: 82YSz1BDUsVS0Wv3AAAV
[2026-02-07T15:33:47.773Z] [INFO]: User Connected: HieeuuYrrR7x2ttXAAAX
[2026-02-07T15:35:12.710Z] [INFO]: User Connected: jr7urmJfpcwKmR17AAAZ
[2026-02-07T15:36:19.634Z] [INFO]: User Connected: ICJE6f6c3Pw3I04XAAAb
[2026-02-07T15:36:29.530Z] [INFO]: User Connected: LTayLyzl3pZPYF3bAAAd
[2026-02-07T15:36:51.028Z] [INFO]: User Connected: IFnJfK93YMGhFWT_AAAf
[2026-02-07T15:40:59.146Z] [INFO]: User Connected: gA6VizJj0RQ0sOTlAAAh
[2026-02-07T15:45:20.009Z] [INFO]: User Connected: G0BvTRk-xbBlO0atAAAj
[2026-02-07T15:45:21.329Z] [INFO]: User Connected: gGteMEyDsBd1ccJ-AAAl
[2026-02-07T15:57:26.121Z] [INFO]: User Connected: 5qF87LzU5ET7jDvfAAAC
[2026-02-07T15:57:26.125Z] [INFO]: User Connected: IONVYbouWNA7dfw_AAAD
[2026-02-07T15:57:27.109Z] [INFO]: User Connected: 1gUPHYiRYoMA1Ky9AAAH
[2026-02-07T15:57:27.113Z] [INFO]: User Connected: 111XIOOMtSLgzMWHAAAI
[2026-02-07T15:57:27.113Z] [INFO]: User Connected: l-JO928dFd57JtktAAAJ
[2026-02-07T15:57:37.769Z] [INFO]: User Connected: r3HP0jPQYhWS1qraAAAL
[2026-02-07T15:57:39.043Z] [INFO]: User Connected: jEmLRcjnY1858vseAAAN
[2026-02-07T16:11:43.602Z] [INFO]: User Connected: XE_oP465rQVe-XTwAAAP
[2026-02-07T16:11:44.858Z] [INFO]: User Connected: 5PM_NxQR8FFc_KgPAAAR
[2026-02-07T16:13:56.741Z] [INFO]: User Connected: av4wCcDYwZT57JPpAAAB
[2026-02-07T16:13:57.106Z] [INFO]: User Connected: 1J2Fw8toq-lWcqwLAAAF
[2026-02-07T16:13:57.108Z] [INFO]: User Connected: OVMEB7HX_LxMOvMYAAAG
[2026-02-07T16:13:57.109Z] [INFO]: User Connected: ClSWgGytyjzotGPdAAAH
[2026-02-07T16:13:58.694Z] [INFO]: User Connected: Il84BosL5b1RWR_VAAAB
[2026-02-07T16:13:58.826Z] [INFO]: User Connected: Yvlztr5x0UfXoPDeAAAD
[2026-02-07T16:13:59.106Z] [INFO]: User Connected: eDXl2y3C8hE2K6GaAAAG
[2026-02-07T16:13:59.107Z] [INFO]: User Connected: A9Ji8RF7xjgh9u_zAAAH
[2026-02-07T16:14:00.112Z] [INFO]: User Connected: f3BLd1RitoQ0br6IAAAJ
[2026-02-07T16:14:03.669Z] [INFO]: User Connected: Jtl608b1r_lxL2goAAAL
[2026-02-07T16:14:04.836Z] [INFO]: User Connected: 5TPUnir7VACt2Hf2AAAN
[2026-02-07T16:16:51.120Z] [INFO]: User Connected: 9R-HEAYwNHG9nmxfAAAB
[2026-02-07T16:16:51.360Z] [INFO]: User Connected: MmqcPbnYhSx4UDIOAAAD
[2026-02-07T16:16:52.116Z] [INFO]: User Connected: sZ8ZPJTtQnTLGOsiAAAH
[2026-02-07T16:16:52.117Z] [INFO]: User Connected: uiafgFlMq4t0CjgmAAAI
[2026-02-07T16:16:52.118Z] [INFO]: User Connected: xvWptqQPVCoe-Hx2AAAJ
[2026-02-07T16:16:58.572Z] [INFO]: User Connected: FQWTC51b_se0rIIwAAAL
[2026-02-07T16:16:59.615Z] [INFO]: User Connected: aTWIEFiSa8ZqONw9AAAN
[2026-02-07T16:17:10.108Z] [INFO]: User Connected: 3CteTTWdLJ1zJifdAAAP
[2026-02-07T16:18:50.115Z] [INFO]: User Connected: uHrxWdEzZ0PbnmlAAAAF
[2026-02-07T16:18:50.122Z] [INFO]: User Connected: IjJEdxp_0AbTgAnzAAAG
[2026-02-07T16:18:50.123Z] [INFO]: User Connected: HukP_loNPjgwG5_aAAAH
[2026-02-07T16:18:50.127Z] [INFO]: User Connected: DDCqaPQWgAbeV9yOAAAI
[2026-02-07T16:18:50.128Z] [INFO]: User Connected: PJvcQriM8-7HJ-fCAAAJ
[2026-02-07T16:19:06.762Z] [INFO]: User Connected: s_1NziJiuowN1k2HAAAL
[2026-02-07T16:19:10.307Z] [INFO]: User Connected: ObtyQarigcfkytgxAAAN
[2026-02-07T16:20:16.351Z] [INFO]: User Connected: 7Hxcggdz0oRkbFzdAAAP
[2026-02-07T16:20:38.439Z] [INFO]: User Connected: HcX6hydb_hEgPEZnAAAR
[2026-02-07T16:31:16.115Z] [INFO]: User Connected: o4tR4OdVb5vi0dJNAAAB
[2026-02-07T16:31:17.109Z] [INFO]: User Connected: lyH4HvDTiBxq5-BqAAAG
[2026-02-07T16:31:17.111Z] [INFO]: User Connected: e2RitDW8eYCLycgnAAAH
[2026-02-07T16:31:17.112Z] [INFO]: User Connected: 64WIJUbKPYS6b8xJAAAI
[2026-02-07T16:31:17.114Z] [INFO]: User Connected: 76dPCzze89tCh7wmAAAJ
